2022-07-30 10:40:20.589  INFO [bookstore,,] 3672 --- [main] com.zaxxer.hikari.HikariDataSource       : HikariPool-1 - Starting...
2022-07-30 10:40:20.993  INFO [bookstore,,] 3672 --- [main] com.zaxxer.hikari.HikariDataSource       : HikariPool-1 - Start completed.
2022-07-30 10:40:34.169  INFO [bookstore,,] 3672 --- [main] a.g.d.b.controller.BookController        : BookController:getAllBooks()...
2022-07-30 10:40:34.174  INFO [bookstore,,] 3672 --- [main] a.g.d.b.controller.BookController        : BookController:getAllBooks() returning books
2022-07-30 10:40:34.398  INFO [bookstore,,] 3672 --- [main] a.g.d.b.controller.BookController        : BookController:getBookById()...
2022-07-30 10:40:34.402  WARN [bookstore,,] 3672 --- [main] a.g.d.b.controller.BookController        : BookController:getBookById() Book not found
2022-07-30 10:40:34.561  INFO [bookstore,,] 3672 --- [main] a.g.d.b.controller.BookController        : BookController:createBook()...
2022-07-30 10:40:34.562  INFO [bookstore,,] 3672 --- [main] a.g.d.b.controller.BookController        : BookController:createBook() book saved
2022-07-30 10:40:34.572  INFO [bookstore,,] 3672 --- [main] a.g.d.b.controller.BookController        : BookController:getBookById()...
2022-07-30 10:40:34.573  INFO [bookstore,,] 3672 --- [main] a.g.d.b.controller.BookController        : BookController:getBookById() Book found, returning
2022-07-30 10:40:34.586  INFO [bookstore,,] 3672 --- [main] a.g.d.b.controller.BookController        : BookController:deleteBookById()...
2022-07-30 10:40:34.587  INFO [bookstore,,] 3672 --- [main] a.g.d.b.controller.BookController        : BookController:deleteBookById() Book having id={id} deleted successfully
2022-07-30 10:40:34.598  INFO [bookstore,,] 3672 --- [main] a.g.d.b.controller.BookController        : BookController:deleteBookById()...
2022-07-30 10:40:34.599  WARN [bookstore,,] 3672 --- [main] a.g.d.b.controller.BookController        : BookController:deleteById() Book not found
2022-07-30 10:40:34.613  INFO [bookstore,,] 3672 --- [main] a.g.d.b.controller.BookController        : BookController:getAllBooks()...
2022-07-30 10:40:34.613  INFO [bookstore,,] 3672 --- [main] a.g.d.b.controller.BookController        : BookController:getAllBooks() no Books found
2022-07-30 10:40:34.624  INFO [bookstore,,] 3672 --- [main] a.g.d.b.controller.BookController        : BookController:updateBook()...
2022-07-30 10:40:34.625  INFO [bookstore,,] 3672 --- [main] a.g.d.b.controller.BookController        : BookController:updateBook() Book updated successfully
2022-07-30 10:40:34.640  INFO [bookstore,,] 3672 --- [main] a.g.d.b.controller.BookController        : BookController:updateBook()...
2022-07-30 10:40:34.641  WARN [bookstore,,] 3672 --- [main] a.g.d.b.controller.BookController        : Book not found with id = {id}
2022-07-30 10:40:36.134  INFO [bookstore,,] 3672 --- [main] a.g.d.b.controller.CheckoutController    : CheckoutController:checkout()...
2022-07-30 10:40:38.753  INFO [bookstore,,] 3672 --- [main] a.g.d.b.controller.DiscountController    : DiscountController:createPromotion()...
2022-07-30 10:40:38.754  WARN [bookstore,,] 3672 --- [main] a.g.d.b.controller.DiscountController    : Discount already exists.
2022-07-30 10:40:38.783  INFO [bookstore,,] 3672 --- [main] a.g.d.b.controller.DiscountController    : DiscountController:createPromotion()...
2022-07-30 10:40:41.133  INFO [bookstore,,] 3672 --- [main] a.g.d.b.controller.PromotionController   : PromotionController:createPromotion()...
2022-07-30 10:40:41.134  WARN [bookstore,,] 3672 --- [main] a.g.d.b.controller.PromotionController   : Promotion already exists.
2022-07-30 10:40:41.168  INFO [bookstore,,] 3672 --- [main] a.g.d.b.controller.PromotionController   : PromotionController:createPromotion()...
2022-07-30 10:40:43.803  INFO [bookstore,,] 3672 --- [main] com.zaxxer.hikari.HikariDataSource       : HikariPool-2 - Starting...
2022-07-30 10:40:43.805  INFO [bookstore,,] 3672 --- [main] com.zaxxer.hikari.HikariDataSource       : HikariPool-2 - Start completed.
2022-07-30 10:40:47.990  INFO [bookstore,,] 3672 --- [main] a.g.d.b.service.impl.BookServiceImpl     : BookService:getBookByName()...
2022-07-30 10:40:48.004  INFO [bookstore,,] 3672 --- [main] a.g.d.b.service.impl.BookServiceImpl     : BookService:getBookById(0)...
2022-07-30 10:40:48.039  INFO [bookstore,,] 3672 --- [main] a.g.d.b.service.impl.BookServiceImpl     : BookService:deleteBook(0)...
2022-07-30 10:40:48.041  INFO [bookstore,,] 3672 --- [main] a.g.d.b.service.impl.BookServiceImpl     : Book [id=0] deleted successfully!
2022-07-30 10:40:49.768  INFO [bookstore,,] 3672 --- [main] com.zaxxer.hikari.HikariDataSource       : HikariPool-3 - Starting...
2022-07-30 10:40:49.769  INFO [bookstore,,] 3672 --- [main] com.zaxxer.hikari.HikariDataSource       : HikariPool-3 - Start completed.
2022-07-30 10:40:53.293  INFO [bookstore,,] 3672 --- [main] com.zaxxer.hikari.HikariDataSource       : HikariPool-4 - Starting...
2022-07-30 10:40:53.295  INFO [bookstore,,] 3672 --- [main] com.zaxxer.hikari.HikariDataSource       : HikariPool-4 - Start completed.
2022-07-30 10:40:55.992  INFO [bookstore,,] 3672 --- [main] a.g.d.b.s.impl.DiscountServiceImpl       : DiscountServiceImpl.getDiscountBybookClassificationAndPromoId(bookClassificationId=0, promoId=0)...
2022-07-30 10:40:55.999  INFO [bookstore,,] 3672 --- [main] a.g.d.b.s.impl.DiscountServiceImpl       : DiscountServiceImpl.getDiscountBybookClassificationAndPromoCode(bookClassification=0, promoCode=)...
2022-07-30 10:40:56.889  INFO [bookstore,,] 3672 --- [main] com.zaxxer.hikari.HikariDataSource       : HikariPool-5 - Starting...
2022-07-30 10:40:56.890  INFO [bookstore,,] 3672 --- [main] com.zaxxer.hikari.HikariDataSource       : HikariPool-5 - Start completed.
2022-07-30 10:41:00.460  INFO [bookstore,,] 3672 --- [main] a.g.d.b.s.impl.PromotionServiceImpl      : BookService:getPromotionByCode()...
2022-07-30 10:41:00.490  INFO [bookstore,,] 3672 --- [SpringApplicationShutdownHook] com.zaxxer.hikari.HikariDataSource       : HikariPool-1 - Shutdown initiated...
2022-07-30 10:41:00.495  INFO [bookstore,,] 3672 --- [SpringApplicationShutdownHook] com.zaxxer.hikari.HikariDataSource       : HikariPool-1 - Shutdown completed.
2022-07-30 10:41:00.515  INFO [bookstore,,] 3672 --- [SpringApplicationShutdownHook] com.zaxxer.hikari.HikariDataSource       : HikariPool-2 - Shutdown initiated...
2022-07-30 10:41:00.517  INFO [bookstore,,] 3672 --- [SpringApplicationShutdownHook] com.zaxxer.hikari.HikariDataSource       : HikariPool-2 - Shutdown completed.
2022-07-30 10:41:00.526  INFO [bookstore,,] 3672 --- [SpringApplicationShutdownHook] com.zaxxer.hikari.HikariDataSource       : HikariPool-3 - Shutdown initiated...
2022-07-30 10:41:00.528  INFO [bookstore,,] 3672 --- [SpringApplicationShutdownHook] com.zaxxer.hikari.HikariDataSource       : HikariPool-3 - Shutdown completed.
2022-07-30 10:41:00.536  INFO [bookstore,,] 3672 --- [SpringApplicationShutdownHook] com.zaxxer.hikari.HikariDataSource       : HikariPool-4 - Shutdown initiated...
2022-07-30 10:41:00.537  INFO [bookstore,,] 3672 --- [SpringApplicationShutdownHook] com.zaxxer.hikari.HikariDataSource       : HikariPool-4 - Shutdown completed.
2022-07-30 10:41:00.543  INFO [bookstore,,] 3672 --- [SpringApplicationShutdownHook] com.zaxxer.hikari.HikariDataSource       : HikariPool-5 - Shutdown initiated...
2022-07-30 10:41:00.544  INFO [bookstore,,] 3672 --- [SpringApplicationShutdownHook] com.zaxxer.hikari.HikariDataSource       : HikariPool-5 - Shutdown completed.
2022-07-30 10:43:06.561  INFO [bookstore,,] 30828 --- [main] com.zaxxer.hikari.HikariDataSource       : HikariPool-1 - Starting...
2022-07-30 10:43:06.816  INFO [bookstore,,] 30828 --- [main] com.zaxxer.hikari.HikariDataSource       : HikariPool-1 - Start completed.
2022-07-30 10:43:25.591  INFO [bookstore,,] 30828 --- [main] a.g.d.b.controller.BookController        : BookController:getAllBooks()...
2022-07-30 10:43:25.592  INFO [bookstore,,] 30828 --- [main] a.g.d.b.controller.BookController        : BookController:getAllBooks() returning books
2022-07-30 10:43:25.632  INFO [bookstore,,] 30828 --- [main] a.g.d.b.controller.BookController        : BookController:getBookById()...
2022-07-30 10:43:25.634  WARN [bookstore,,] 30828 --- [main] a.g.d.b.controller.BookController        : BookController:getBookById() Book not found
2022-07-30 10:43:25.835  INFO [bookstore,,] 30828 --- [main] a.g.d.b.controller.BookController        : BookController:createBook()...
2022-07-30 10:43:25.836  INFO [bookstore,,] 30828 --- [main] a.g.d.b.controller.BookController        : BookController:createBook() book saved
2022-07-30 10:43:25.853  INFO [bookstore,,] 30828 --- [main] a.g.d.b.controller.BookController        : BookController:getBookById()...
2022-07-30 10:43:25.854  INFO [bookstore,,] 30828 --- [main] a.g.d.b.controller.BookController        : BookController:getBookById() Book found, returning
2022-07-30 10:43:25.874  INFO [bookstore,,] 30828 --- [main] a.g.d.b.controller.BookController        : BookController:deleteBookById()...
2022-07-30 10:43:25.877  INFO [bookstore,,] 30828 --- [main] a.g.d.b.controller.BookController        : BookController:deleteBookById() Book having id={id} deleted successfully
2022-07-30 10:43:25.891  INFO [bookstore,,] 30828 --- [main] a.g.d.b.controller.BookController        : BookController:deleteBookById()...
2022-07-30 10:43:25.892  WARN [bookstore,,] 30828 --- [main] a.g.d.b.controller.BookController        : BookController:deleteById() Book not found
2022-07-30 10:43:25.907  INFO [bookstore,,] 30828 --- [main] a.g.d.b.controller.BookController        : BookController:getAllBooks()...
2022-07-30 10:43:25.911  INFO [bookstore,,] 30828 --- [main] a.g.d.b.controller.BookController        : BookController:getAllBooks() no Books found
2022-07-30 10:43:25.926  INFO [bookstore,,] 30828 --- [main] a.g.d.b.controller.BookController        : BookController:updateBook()...
2022-07-30 10:43:25.928  INFO [bookstore,,] 30828 --- [main] a.g.d.b.controller.BookController        : BookController:updateBook() Book updated successfully
2022-07-30 10:43:25.947  INFO [bookstore,,] 30828 --- [main] a.g.d.b.controller.BookController        : BookController:updateBook()...
2022-07-30 10:43:25.949  WARN [bookstore,,] 30828 --- [main] a.g.d.b.controller.BookController        : Book not found with id = {id}
2022-07-30 10:43:30.050  INFO [bookstore,,] 30828 --- [main] a.g.d.b.controller.CheckoutController    : CheckoutController:checkout()...
2022-07-30 10:43:33.066  INFO [bookstore,,] 30828 --- [main] a.g.d.b.controller.DiscountController    : DiscountController:createPromotion()...
2022-07-30 10:43:33.068  WARN [bookstore,,] 30828 --- [main] a.g.d.b.controller.DiscountController    : Discount already exists.
2022-07-30 10:43:33.143  INFO [bookstore,,] 30828 --- [main] a.g.d.b.controller.DiscountController    : DiscountController:createPromotion()...
2022-07-30 10:43:35.200  INFO [bookstore,,] 30828 --- [main] a.g.d.b.controller.PromotionController   : PromotionController:createPromotion()...
2022-07-30 10:43:35.202  WARN [bookstore,,] 30828 --- [main] a.g.d.b.controller.PromotionController   : Promotion already exists.
2022-07-30 10:43:35.232  INFO [bookstore,,] 30828 --- [main] a.g.d.b.controller.PromotionController   : PromotionController:createPromotion()...
2022-07-30 10:43:36.937  INFO [bookstore,,] 30828 --- [main] com.zaxxer.hikari.HikariDataSource       : HikariPool-2 - Starting...
2022-07-30 10:43:36.939  INFO [bookstore,,] 30828 --- [main] com.zaxxer.hikari.HikariDataSource       : HikariPool-2 - Start completed.
2022-07-30 10:43:40.950  INFO [bookstore,,] 30828 --- [main] a.g.d.b.service.impl.BookServiceImpl     : BookService:getBookByName()...
2022-07-30 10:43:40.958  INFO [bookstore,,] 30828 --- [main] a.g.d.b.service.impl.BookServiceImpl     : BookService:getBookById(0)...
2022-07-30 10:43:40.985  INFO [bookstore,,] 30828 --- [main] a.g.d.b.service.impl.BookServiceImpl     : BookService:deleteBook(0)...
2022-07-30 10:43:40.987  INFO [bookstore,,] 30828 --- [main] a.g.d.b.service.impl.BookServiceImpl     : Book [id=0] deleted successfully!
2022-07-30 10:43:42.430  INFO [bookstore,,] 30828 --- [main] com.zaxxer.hikari.HikariDataSource       : HikariPool-3 - Starting...
2022-07-30 10:43:42.432  INFO [bookstore,,] 30828 --- [main] com.zaxxer.hikari.HikariDataSource       : HikariPool-3 - Start completed.
2022-07-30 10:43:50.653  INFO [bookstore,,] 30828 --- [main] com.zaxxer.hikari.HikariDataSource       : HikariPool-4 - Starting...
2022-07-30 10:43:50.654  INFO [bookstore,,] 30828 --- [main] com.zaxxer.hikari.HikariDataSource       : HikariPool-4 - Start completed.
2022-07-30 10:43:55.578  INFO [bookstore,,] 30828 --- [main] a.g.d.b.s.impl.DiscountServiceImpl       : DiscountServiceImpl.getDiscountBybookClassificationAndPromoId(bookClassificationId=0, promoId=0)...
2022-07-30 10:43:55.587  INFO [bookstore,,] 30828 --- [main] a.g.d.b.s.impl.DiscountServiceImpl       : DiscountServiceImpl.getDiscountBybookClassificationAndPromoCode(bookClassification=0, promoCode=)...
2022-07-30 10:43:57.887  INFO [bookstore,,] 30828 --- [main] com.zaxxer.hikari.HikariDataSource       : HikariPool-5 - Starting...
2022-07-30 10:43:57.889  INFO [bookstore,,] 30828 --- [main] com.zaxxer.hikari.HikariDataSource       : HikariPool-5 - Start completed.
2022-07-30 10:44:01.362  INFO [bookstore,,] 30828 --- [main] a.g.d.b.s.impl.PromotionServiceImpl      : BookService:getPromotionByCode()...
2022-07-30 10:44:01.395  INFO [bookstore,,] 30828 --- [SpringApplicationShutdownHook] com.zaxxer.hikari.HikariDataSource       : HikariPool-1 - Shutdown initiated...
2022-07-30 10:44:01.399  INFO [bookstore,,] 30828 --- [SpringApplicationShutdownHook] com.zaxxer.hikari.HikariDataSource       : HikariPool-1 - Shutdown completed.
2022-07-30 10:44:01.414  INFO [bookstore,,] 30828 --- [SpringApplicationShutdownHook] com.zaxxer.hikari.HikariDataSource       : HikariPool-2 - Shutdown initiated...
2022-07-30 10:44:01.416  INFO [bookstore,,] 30828 --- [SpringApplicationShutdownHook] com.zaxxer.hikari.HikariDataSource       : HikariPool-2 - Shutdown completed.
2022-07-30 10:44:01.423  INFO [bookstore,,] 30828 --- [SpringApplicationShutdownHook] com.zaxxer.hikari.HikariDataSource       : HikariPool-3 - Shutdown initiated...
2022-07-30 10:44:01.424  INFO [bookstore,,] 30828 --- [SpringApplicationShutdownHook] com.zaxxer.hikari.HikariDataSource       : HikariPool-3 - Shutdown completed.
2022-07-30 10:44:01.430  INFO [bookstore,,] 30828 --- [SpringApplicationShutdownHook] com.zaxxer.hikari.HikariDataSource       : HikariPool-4 - Shutdown initiated...
2022-07-30 10:44:01.431  INFO [bookstore,,] 30828 --- [SpringApplicationShutdownHook] com.zaxxer.hikari.HikariDataSource       : HikariPool-4 - Shutdown completed.
2022-07-30 10:44:01.436  INFO [bookstore,,] 30828 --- [SpringApplicationShutdownHook] com.zaxxer.hikari.HikariDataSource       : HikariPool-5 - Shutdown initiated...
2022-07-30 10:44:01.438  INFO [bookstore,,] 30828 --- [SpringApplicationShutdownHook] com.zaxxer.hikari.HikariDataSource       : HikariPool-5 - Shutdown completed.
2022-07-30 10:53:47.184  INFO [bookstore,,] 5260 --- [main] com.zaxxer.hikari.HikariDataSource       : HikariPool-1 - Starting...
2022-07-30 10:53:47.661  INFO [bookstore,,] 5260 --- [main] com.zaxxer.hikari.HikariDataSource       : HikariPool-1 - Start completed.
2022-07-30 10:54:13.891  INFO [bookstore,,] 5260 --- [main] a.g.d.b.controller.BookController        : BookController:getAllBooks()...
2022-07-30 10:54:13.893  INFO [bookstore,,] 5260 --- [main] a.g.d.b.controller.BookController        : BookController:getAllBooks() returning books
2022-07-30 10:54:13.940  INFO [bookstore,,] 5260 --- [main] a.g.d.b.controller.BookController        : BookController:getBookById()...
2022-07-30 10:54:13.942  WARN [bookstore,,] 5260 --- [main] a.g.d.b.controller.BookController        : BookController:getBookById() Book not found
2022-07-30 10:54:14.165  INFO [bookstore,,] 5260 --- [main] a.g.d.b.controller.BookController        : BookController:createBook()...
2022-07-30 10:54:14.166  INFO [bookstore,,] 5260 --- [main] a.g.d.b.controller.BookController        : BookController:createBook() book saved
2022-07-30 10:54:14.183  INFO [bookstore,,] 5260 --- [main] a.g.d.b.controller.BookController        : BookController:getBookById()...
2022-07-30 10:54:14.184  INFO [bookstore,,] 5260 --- [main] a.g.d.b.controller.BookController        : BookController:getBookById() Book found, returning
2022-07-30 10:54:14.204  INFO [bookstore,,] 5260 --- [main] a.g.d.b.controller.BookController        : BookController:deleteBookById()...
2022-07-30 10:54:14.209  INFO [bookstore,,] 5260 --- [main] a.g.d.b.controller.BookController        : BookController:deleteBookById() Book having id={id} deleted successfully
2022-07-30 10:54:14.225  INFO [bookstore,,] 5260 --- [main] a.g.d.b.controller.BookController        : BookController:deleteBookById()...
2022-07-30 10:54:14.226  WARN [bookstore,,] 5260 --- [main] a.g.d.b.controller.BookController        : BookController:deleteById() Book not found
2022-07-30 10:54:14.243  INFO [bookstore,,] 5260 --- [main] a.g.d.b.controller.BookController        : BookController:getAllBooks()...
2022-07-30 10:54:14.245  INFO [bookstore,,] 5260 --- [main] a.g.d.b.controller.BookController        : BookController:getAllBooks() no Books found
2022-07-30 10:54:14.264  INFO [bookstore,,] 5260 --- [main] a.g.d.b.controller.BookController        : BookController:updateBook()...
2022-07-30 10:54:14.265  INFO [bookstore,,] 5260 --- [main] a.g.d.b.controller.BookController        : BookController:updateBook() Book updated successfully
2022-07-30 10:54:14.286  INFO [bookstore,,] 5260 --- [main] a.g.d.b.controller.BookController        : BookController:updateBook()...
2022-07-30 10:54:14.287  WARN [bookstore,,] 5260 --- [main] a.g.d.b.controller.BookController        : Book not found with id = {id}
2022-07-30 10:54:16.998  INFO [bookstore,,] 5260 --- [main] a.g.d.b.controller.CheckoutController    : CheckoutController:checkout()...
2022-07-30 10:54:19.618  INFO [bookstore,,] 5260 --- [main] a.g.d.b.controller.DiscountController    : DiscountController:createPromotion()...
2022-07-30 10:54:19.621  WARN [bookstore,,] 5260 --- [main] a.g.d.b.controller.DiscountController    : Discount already exists.
2022-07-30 10:54:19.670  INFO [bookstore,,] 5260 --- [main] a.g.d.b.controller.DiscountController    : DiscountController:createPromotion()...
2022-07-30 10:54:22.140  INFO [bookstore,,] 5260 --- [main] a.g.d.b.controller.PromotionController   : PromotionController:createPromotion()...
2022-07-30 10:54:22.143  WARN [bookstore,,] 5260 --- [main] a.g.d.b.controller.PromotionController   : Promotion already exists.
2022-07-30 10:54:22.189  INFO [bookstore,,] 5260 --- [main] a.g.d.b.controller.PromotionController   : PromotionController:createPromotion()...
2022-07-30 10:54:24.497  INFO [bookstore,,] 5260 --- [main] com.zaxxer.hikari.HikariDataSource       : HikariPool-2 - Starting...
2022-07-30 10:54:24.503  INFO [bookstore,,] 5260 --- [main] com.zaxxer.hikari.HikariDataSource       : HikariPool-2 - Start completed.
2022-07-30 10:54:31.700  INFO [bookstore,,] 5260 --- [main] a.g.d.b.service.impl.BookServiceImpl     : BookService:getBookByName()...
2022-07-30 10:54:31.712  INFO [bookstore,,] 5260 --- [main] a.g.d.b.service.impl.BookServiceImpl     : BookService:getBookById(0)...
2022-07-30 10:54:31.766  INFO [bookstore,,] 5260 --- [main] a.g.d.b.service.impl.BookServiceImpl     : BookService:deleteBook(0)...
2022-07-30 10:54:31.768  INFO [bookstore,,] 5260 --- [main] a.g.d.b.service.impl.BookServiceImpl     : Book [id=0] deleted successfully!
2022-07-30 10:54:34.722  INFO [bookstore,,] 5260 --- [main] com.zaxxer.hikari.HikariDataSource       : HikariPool-3 - Starting...
2022-07-30 10:54:34.724  INFO [bookstore,,] 5260 --- [main] com.zaxxer.hikari.HikariDataSource       : HikariPool-3 - Start completed.
2022-07-30 10:54:42.588  INFO [bookstore,,] 5260 --- [main] com.zaxxer.hikari.HikariDataSource       : HikariPool-4 - Starting...
2022-07-30 10:54:42.593  INFO [bookstore,,] 5260 --- [main] com.zaxxer.hikari.HikariDataSource       : HikariPool-4 - Start completed.
2022-07-30 10:54:53.151  INFO [bookstore,,] 5260 --- [main] a.g.d.b.s.impl.DiscountServiceImpl       : DiscountServiceImpl.getDiscountBybookClassificationAndPromoId(bookClassificationId=0, promoId=0)...
2022-07-30 10:54:53.165  INFO [bookstore,,] 5260 --- [main] a.g.d.b.s.impl.DiscountServiceImpl       : DiscountServiceImpl.getDiscountBybookClassificationAndPromoCode(bookClassification=0, promoCode=)...
2022-07-30 10:54:56.634  INFO [bookstore,,] 5260 --- [main] com.zaxxer.hikari.HikariDataSource       : HikariPool-5 - Starting...
2022-07-30 10:54:56.635  INFO [bookstore,,] 5260 --- [main] com.zaxxer.hikari.HikariDataSource       : HikariPool-5 - Start completed.
2022-07-30 10:55:03.906  INFO [bookstore,,] 5260 --- [main] a.g.d.b.s.impl.PromotionServiceImpl      : BookService:getPromotionByCode()...
2022-07-30 10:55:03.960  INFO [bookstore,,] 5260 --- [SpringApplicationShutdownHook] com.zaxxer.hikari.HikariDataSource       : HikariPool-1 - Shutdown initiated...
2022-07-30 10:55:03.966  INFO [bookstore,,] 5260 --- [SpringApplicationShutdownHook] com.zaxxer.hikari.HikariDataSource       : HikariPool-1 - Shutdown completed.
2022-07-30 10:55:04.006  INFO [bookstore,,] 5260 --- [SpringApplicationShutdownHook] com.zaxxer.hikari.HikariDataSource       : HikariPool-2 - Shutdown initiated...
2022-07-30 10:55:04.012  INFO [bookstore,,] 5260 --- [SpringApplicationShutdownHook] com.zaxxer.hikari.HikariDataSource       : HikariPool-2 - Shutdown completed.
2022-07-30 10:55:04.023  INFO [bookstore,,] 5260 --- [SpringApplicationShutdownHook] com.zaxxer.hikari.HikariDataSource       : HikariPool-3 - Shutdown initiated...
2022-07-30 10:55:04.026  INFO [bookstore,,] 5260 --- [SpringApplicationShutdownHook] com.zaxxer.hikari.HikariDataSource       : HikariPool-3 - Shutdown completed.
2022-07-30 10:55:04.038  INFO [bookstore,,] 5260 --- [SpringApplicationShutdownHook] com.zaxxer.hikari.HikariDataSource       : HikariPool-4 - Shutdown initiated...
2022-07-30 10:55:04.040  INFO [bookstore,,] 5260 --- [SpringApplicationShutdownHook] com.zaxxer.hikari.HikariDataSource       : HikariPool-4 - Shutdown completed.
2022-07-30 10:55:04.052  INFO [bookstore,,] 5260 --- [SpringApplicationShutdownHook] com.zaxxer.hikari.HikariDataSource       : HikariPool-5 - Shutdown initiated...
2022-07-30 10:55:04.054  INFO [bookstore,,] 5260 --- [SpringApplicationShutdownHook] com.zaxxer.hikari.HikariDataSource       : HikariPool-5 - Shutdown completed.
2022-07-30 11:07:03.089  INFO [bookstore,,] 21356 --- [main] com.zaxxer.hikari.HikariDataSource       : HikariPool-1 - Starting...
2022-07-30 11:07:03.378  INFO [bookstore,,] 21356 --- [main] com.zaxxer.hikari.HikariDataSource       : HikariPool-1 - Start completed.
2022-07-30 11:07:17.247  INFO [bookstore,,] 21356 --- [main] a.g.d.b.controller.BookController        : BookController:getAllBooks()...
2022-07-30 11:07:17.248  INFO [bookstore,,] 21356 --- [main] a.g.d.b.controller.BookController        : BookController:getAllBooks() returning books
2022-07-30 11:07:17.280  INFO [bookstore,,] 21356 --- [main] a.g.d.b.controller.BookController        : BookController:getBookById()...
2022-07-30 11:07:17.282  WARN [bookstore,,] 21356 --- [main] a.g.d.b.controller.BookController        : BookController:getBookById() Book not found
2022-07-30 11:07:17.409  INFO [bookstore,,] 21356 --- [main] a.g.d.b.controller.BookController        : BookController:createBook()...
2022-07-30 11:07:17.410  INFO [bookstore,,] 21356 --- [main] a.g.d.b.controller.BookController        : BookController:createBook() book saved
2022-07-30 11:07:17.423  INFO [bookstore,,] 21356 --- [main] a.g.d.b.controller.BookController        : BookController:getBookById()...
2022-07-30 11:07:17.423  INFO [bookstore,,] 21356 --- [main] a.g.d.b.controller.BookController        : BookController:getBookById() Book found, returning
2022-07-30 11:07:17.436  INFO [bookstore,,] 21356 --- [main] a.g.d.b.controller.BookController        : BookController:deleteBookById()...
2022-07-30 11:07:17.437  INFO [bookstore,,] 21356 --- [main] a.g.d.b.controller.BookController        : BookController:deleteBookById() Book having id={id} deleted successfully
2022-07-30 11:07:17.448  INFO [bookstore,,] 21356 --- [main] a.g.d.b.controller.BookController        : BookController:deleteBookById()...
2022-07-30 11:07:17.449  WARN [bookstore,,] 21356 --- [main] a.g.d.b.controller.BookController        : BookController:deleteById() Book not found
2022-07-30 11:07:17.459  INFO [bookstore,,] 21356 --- [main] a.g.d.b.controller.BookController        : BookController:getAllBooks()...
2022-07-30 11:07:17.460  INFO [bookstore,,] 21356 --- [main] a.g.d.b.controller.BookController        : BookController:getAllBooks() no Books found
2022-07-30 11:07:17.471  INFO [bookstore,,] 21356 --- [main] a.g.d.b.controller.BookController        : BookController:updateBook()...
2022-07-30 11:07:17.472  INFO [bookstore,,] 21356 --- [main] a.g.d.b.controller.BookController        : BookController:updateBook() Book updated successfully
2022-07-30 11:07:17.484  INFO [bookstore,,] 21356 --- [main] a.g.d.b.controller.BookController        : BookController:updateBook()...
2022-07-30 11:07:17.485  WARN [bookstore,,] 21356 --- [main] a.g.d.b.controller.BookController        : Book not found with id = {id}
2022-07-30 11:07:19.143  INFO [bookstore,,] 21356 --- [main] a.g.d.b.controller.CheckoutController    : CheckoutController:checkout()...
2022-07-30 11:07:21.522  INFO [bookstore,,] 21356 --- [main] a.g.d.b.controller.DiscountController    : DiscountController:createPromotion()...
2022-07-30 11:07:21.523  WARN [bookstore,,] 21356 --- [main] a.g.d.b.controller.DiscountController    : Discount already exists.
2022-07-30 11:07:21.559  INFO [bookstore,,] 21356 --- [main] a.g.d.b.controller.DiscountController    : DiscountController:createPromotion()...
2022-07-30 11:07:23.766  INFO [bookstore,,] 21356 --- [main] a.g.d.b.controller.PromotionController   : PromotionController:createPromotion()...
2022-07-30 11:07:23.767  WARN [bookstore,,] 21356 --- [main] a.g.d.b.controller.PromotionController   : Promotion already exists.
2022-07-30 11:07:23.809  INFO [bookstore,,] 21356 --- [main] a.g.d.b.controller.PromotionController   : PromotionController:createPromotion()...
2022-07-30 11:07:26.142  INFO [bookstore,,] 21356 --- [main] com.zaxxer.hikari.HikariDataSource       : HikariPool-2 - Starting...
2022-07-30 11:07:26.145  INFO [bookstore,,] 21356 --- [main] com.zaxxer.hikari.HikariDataSource       : HikariPool-2 - Start completed.
2022-07-30 11:07:30.393  INFO [bookstore,,] 21356 --- [main] a.g.d.b.service.impl.BookServiceImpl     : BookService:getBookByName()...
2022-07-30 11:07:30.400  INFO [bookstore,,] 21356 --- [main] a.g.d.b.service.impl.BookServiceImpl     : BookService:getBookById(0)...
2022-07-30 11:07:30.421  INFO [bookstore,,] 21356 --- [main] a.g.d.b.service.impl.BookServiceImpl     : BookService:deleteBook(0)...
2022-07-30 11:07:30.422  INFO [bookstore,,] 21356 --- [main] a.g.d.b.service.impl.BookServiceImpl     : Book [id=0] deleted successfully!
2022-07-30 11:07:31.457  INFO [bookstore,,] 21356 --- [main] com.zaxxer.hikari.HikariDataSource       : HikariPool-3 - Starting...
2022-07-30 11:07:31.459  INFO [bookstore,,] 21356 --- [main] com.zaxxer.hikari.HikariDataSource       : HikariPool-3 - Start completed.
2022-07-30 11:07:35.292  INFO [bookstore,,] 21356 --- [main] com.zaxxer.hikari.HikariDataSource       : HikariPool-4 - Starting...
2022-07-30 11:07:35.294  INFO [bookstore,,] 21356 --- [main] com.zaxxer.hikari.HikariDataSource       : HikariPool-4 - Start completed.
2022-07-30 11:07:37.970  INFO [bookstore,,] 21356 --- [main] a.g.d.b.s.impl.DiscountServiceImpl       : DiscountServiceImpl.getDiscountBybookClassificationAndPromoId(bookClassificationId=0, promoId=0)...
2022-07-30 11:07:37.978  INFO [bookstore,,] 21356 --- [main] a.g.d.b.s.impl.DiscountServiceImpl       : DiscountServiceImpl.getDiscountBybookClassificationAndPromoCode(bookClassification=0, promoCode=)...
2022-07-30 11:07:38.908  INFO [bookstore,,] 21356 --- [main] com.zaxxer.hikari.HikariDataSource       : HikariPool-5 - Starting...
2022-07-30 11:07:38.909  INFO [bookstore,,] 21356 --- [main] com.zaxxer.hikari.HikariDataSource       : HikariPool-5 - Start completed.
2022-07-30 11:07:43.234  INFO [bookstore,,] 21356 --- [main] a.g.d.b.s.impl.PromotionServiceImpl      : BookService:getPromotionByCode()...
2022-07-30 11:07:43.270  INFO [bookstore,,] 21356 --- [SpringApplicationShutdownHook] com.zaxxer.hikari.HikariDataSource       : HikariPool-1 - Shutdown initiated...
2022-07-30 11:07:43.275  INFO [bookstore,,] 21356 --- [SpringApplicationShutdownHook] com.zaxxer.hikari.HikariDataSource       : HikariPool-1 - Shutdown completed.
2022-07-30 11:07:43.291  INFO [bookstore,,] 21356 --- [SpringApplicationShutdownHook] com.zaxxer.hikari.HikariDataSource       : HikariPool-2 - Shutdown initiated...
2022-07-30 11:07:43.295  INFO [bookstore,,] 21356 --- [SpringApplicationShutdownHook] com.zaxxer.hikari.HikariDataSource       : HikariPool-2 - Shutdown completed.
2022-07-30 11:07:43.301  INFO [bookstore,,] 21356 --- [SpringApplicationShutdownHook] com.zaxxer.hikari.HikariDataSource       : HikariPool-3 - Shutdown initiated...
2022-07-30 11:07:43.302  INFO [bookstore,,] 21356 --- [SpringApplicationShutdownHook] com.zaxxer.hikari.HikariDataSource       : HikariPool-3 - Shutdown completed.
2022-07-30 11:07:43.307  INFO [bookstore,,] 21356 --- [SpringApplicationShutdownHook] com.zaxxer.hikari.HikariDataSource       : HikariPool-4 - Shutdown initiated...
2022-07-30 11:07:43.309  INFO [bookstore,,] 21356 --- [SpringApplicationShutdownHook] com.zaxxer.hikari.HikariDataSource       : HikariPool-4 - Shutdown completed.
2022-07-30 11:07:43.316  INFO [bookstore,,] 21356 --- [SpringApplicationShutdownHook] com.zaxxer.hikari.HikariDataSource       : HikariPool-5 - Shutdown initiated...
2022-07-30 11:07:43.318  INFO [bookstore,,] 21356 --- [SpringApplicationShutdownHook] com.zaxxer.hikari.HikariDataSource       : HikariPool-5 - Shutdown completed.
2022-07-30 12:32:08.170  INFO [bookstore,,] 12156 --- [main] com.zaxxer.hikari.HikariDataSource       : HikariPool-1 - Starting...
2022-07-30 12:32:08.471  INFO [bookstore,,] 12156 --- [main] com.zaxxer.hikari.HikariDataSource       : HikariPool-1 - Start completed.
2022-07-30 12:32:23.542  INFO [bookstore,,] 12156 --- [main] a.g.d.b.controller.BookController        : BookController:getAllBooks()...
2022-07-30 12:32:23.544  INFO [bookstore,,] 12156 --- [main] a.g.d.b.controller.BookController        : BookController:getAllBooks() returning books
2022-07-30 12:32:23.573  INFO [bookstore,,] 12156 --- [main] a.g.d.b.controller.BookController        : BookController:getBookById()...
2022-07-30 12:32:23.575  WARN [bookstore,,] 12156 --- [main] a.g.d.b.controller.BookController        : BookController:getBookById() Book not found
2022-07-30 12:32:23.675  INFO [bookstore,,] 12156 --- [main] a.g.d.b.controller.BookController        : BookController:createBook()...
2022-07-30 12:32:23.676  INFO [bookstore,,] 12156 --- [main] a.g.d.b.controller.BookController        : BookController:createBook() book saved
2022-07-30 12:32:23.687  INFO [bookstore,,] 12156 --- [main] a.g.d.b.controller.BookController        : BookController:getBookById()...
2022-07-30 12:32:23.687  INFO [bookstore,,] 12156 --- [main] a.g.d.b.controller.BookController        : BookController:getBookById() Book found, returning
2022-07-30 12:32:23.697  INFO [bookstore,,] 12156 --- [main] a.g.d.b.controller.BookController        : BookController:deleteBookById()...
2022-07-30 12:32:23.698  INFO [bookstore,,] 12156 --- [main] a.g.d.b.controller.BookController        : BookController:deleteBookById() Book having id={id} deleted successfully
2022-07-30 12:32:23.707  INFO [bookstore,,] 12156 --- [main] a.g.d.b.controller.BookController        : BookController:deleteBookById()...
2022-07-30 12:32:23.708  WARN [bookstore,,] 12156 --- [main] a.g.d.b.controller.BookController        : BookController:deleteById() Book not found
2022-07-30 12:32:23.718  INFO [bookstore,,] 12156 --- [main] a.g.d.b.controller.BookController        : BookController:getAllBooks()...
2022-07-30 12:32:23.719  INFO [bookstore,,] 12156 --- [main] a.g.d.b.controller.BookController        : BookController:getAllBooks() no Books found
2022-07-30 12:32:23.732  INFO [bookstore,,] 12156 --- [main] a.g.d.b.controller.BookController        : BookController:updateBook()...
2022-07-30 12:32:23.733  INFO [bookstore,,] 12156 --- [main] a.g.d.b.controller.BookController        : BookController:updateBook() Book updated successfully
2022-07-30 12:32:23.744  INFO [bookstore,,] 12156 --- [main] a.g.d.b.controller.BookController        : BookController:updateBook()...
2022-07-30 12:32:23.745  WARN [bookstore,,] 12156 --- [main] a.g.d.b.controller.BookController        : Book not found with id = {id}
2022-07-30 12:32:26.481  INFO [bookstore,,] 12156 --- [main] a.g.d.b.controller.CheckoutController    : CheckoutController:checkout()...
2022-07-30 12:32:29.094  INFO [bookstore,,] 12156 --- [main] a.g.d.b.controller.DiscountController    : DiscountController:createPromotion()...
2022-07-30 12:32:29.095  WARN [bookstore,,] 12156 --- [main] a.g.d.b.controller.DiscountController    : Discount already exists.
2022-07-30 12:32:29.123  INFO [bookstore,,] 12156 --- [main] a.g.d.b.controller.DiscountController    : DiscountController:createPromotion()...
2022-07-30 12:32:31.599  INFO [bookstore,,] 12156 --- [main] a.g.d.b.controller.PromotionController   : PromotionController:createPromotion()...
2022-07-30 12:32:31.600  WARN [bookstore,,] 12156 --- [main] a.g.d.b.controller.PromotionController   : Promotion already exists.
2022-07-30 12:32:31.634  INFO [bookstore,,] 12156 --- [main] a.g.d.b.controller.PromotionController   : PromotionController:createPromotion()...
2022-07-30 12:32:34.187  INFO [bookstore,,] 12156 --- [main] com.zaxxer.hikari.HikariDataSource       : HikariPool-2 - Starting...
2022-07-30 12:32:34.189  INFO [bookstore,,] 12156 --- [main] com.zaxxer.hikari.HikariDataSource       : HikariPool-2 - Start completed.
2022-07-30 12:32:37.692  INFO [bookstore,,] 12156 --- [main] a.g.d.b.service.impl.BookServiceImpl     : BookService:getBookByName()...
2022-07-30 12:32:37.700  INFO [bookstore,,] 12156 --- [main] a.g.d.b.service.impl.BookServiceImpl     : BookService:getBookById(0)...
2022-07-30 12:32:37.729  INFO [bookstore,,] 12156 --- [main] a.g.d.b.service.impl.BookServiceImpl     : BookService:deleteBook(0)...
2022-07-30 12:32:37.730  INFO [bookstore,,] 12156 --- [main] a.g.d.b.service.impl.BookServiceImpl     : Book [id=0] deleted successfully!
2022-07-30 12:32:39.460  INFO [bookstore,,] 12156 --- [main] com.zaxxer.hikari.HikariDataSource       : HikariPool-3 - Starting...
2022-07-30 12:32:39.461  INFO [bookstore,,] 12156 --- [main] com.zaxxer.hikari.HikariDataSource       : HikariPool-3 - Start completed.
2022-07-30 12:32:43.504  INFO [bookstore,,] 12156 --- [main] com.zaxxer.hikari.HikariDataSource       : HikariPool-4 - Starting...
2022-07-30 12:32:43.505  INFO [bookstore,,] 12156 --- [main] com.zaxxer.hikari.HikariDataSource       : HikariPool-4 - Start completed.
2022-07-30 12:32:47.588  INFO [bookstore,,] 12156 --- [main] a.g.d.b.s.impl.DiscountServiceImpl       : DiscountServiceImpl.getDiscountBybookClassificationAndPromoId(bookClassificationId=0, promoId=0)...
2022-07-30 12:32:47.602  INFO [bookstore,,] 12156 --- [main] a.g.d.b.s.impl.DiscountServiceImpl       : DiscountServiceImpl.getDiscountBybookClassificationAndPromoCode(bookClassification=0, promoCode=)...
2022-07-30 12:32:49.646  INFO [bookstore,,] 12156 --- [main] com.zaxxer.hikari.HikariDataSource       : HikariPool-5 - Starting...
2022-07-30 12:32:49.647  INFO [bookstore,,] 12156 --- [main] com.zaxxer.hikari.HikariDataSource       : HikariPool-5 - Start completed.
2022-07-30 12:32:53.123  INFO [bookstore,,] 12156 --- [main] a.g.d.b.s.impl.PromotionServiceImpl      : BookService:getPromotionByCode()...
2022-07-30 12:32:53.157  INFO [bookstore,,] 12156 --- [SpringApplicationShutdownHook] com.zaxxer.hikari.HikariDataSource       : HikariPool-1 - Shutdown initiated...
2022-07-30 12:32:53.164  INFO [bookstore,,] 12156 --- [SpringApplicationShutdownHook] com.zaxxer.hikari.HikariDataSource       : HikariPool-1 - Shutdown completed.
2022-07-30 12:32:53.179  INFO [bookstore,,] 12156 --- [SpringApplicationShutdownHook] com.zaxxer.hikari.HikariDataSource       : HikariPool-2 - Shutdown initiated...
2022-07-30 12:32:53.182  INFO [bookstore,,] 12156 --- [SpringApplicationShutdownHook] com.zaxxer.hikari.HikariDataSource       : HikariPool-2 - Shutdown completed.
2022-07-30 12:32:53.189  INFO [bookstore,,] 12156 --- [SpringApplicationShutdownHook] com.zaxxer.hikari.HikariDataSource       : HikariPool-3 - Shutdown initiated...
2022-07-30 12:32:53.190  INFO [bookstore,,] 12156 --- [SpringApplicationShutdownHook] com.zaxxer.hikari.HikariDataSource       : HikariPool-3 - Shutdown completed.
2022-07-30 12:32:53.196  INFO [bookstore,,] 12156 --- [SpringApplicationShutdownHook] com.zaxxer.hikari.HikariDataSource       : HikariPool-4 - Shutdown initiated...
2022-07-30 12:32:53.197  INFO [bookstore,,] 12156 --- [SpringApplicationShutdownHook] com.zaxxer.hikari.HikariDataSource       : HikariPool-4 - Shutdown completed.
2022-07-30 12:32:53.204  INFO [bookstore,,] 12156 --- [SpringApplicationShutdownHook] com.zaxxer.hikari.HikariDataSource       : HikariPool-5 - Shutdown initiated...
2022-07-30 12:32:53.205  INFO [bookstore,,] 12156 --- [SpringApplicationShutdownHook] com.zaxxer.hikari.HikariDataSource       : HikariPool-5 - Shutdown completed.
2022-07-30 12:33:20.333  INFO [bookstore,,] 31088 --- [main] com.zaxxer.hikari.HikariDataSource       : HikariPool-1 - Starting...
2022-07-30 12:33:20.598  INFO [bookstore,,] 31088 --- [main] com.zaxxer.hikari.HikariDataSource       : HikariPool-1 - Start completed.
2022-07-30 12:33:33.738  INFO [bookstore,,] 31088 --- [main] a.g.d.b.controller.BookController        : BookController:getAllBooks()...
2022-07-30 12:33:33.739  INFO [bookstore,,] 31088 --- [main] a.g.d.b.controller.BookController        : BookController:getAllBooks() returning books
2022-07-30 12:33:33.766  INFO [bookstore,,] 31088 --- [main] a.g.d.b.controller.BookController        : BookController:getBookById()...
2022-07-30 12:33:33.768  WARN [bookstore,,] 31088 --- [main] a.g.d.b.controller.BookController        : BookController:getBookById() Book not found
2022-07-30 12:33:33.914  INFO [bookstore,,] 31088 --- [main] a.g.d.b.controller.BookController        : BookController:createBook()...
2022-07-30 12:33:33.915  INFO [bookstore,,] 31088 --- [main] a.g.d.b.controller.BookController        : BookController:createBook() book saved
2022-07-30 12:33:33.926  INFO [bookstore,,] 31088 --- [main] a.g.d.b.controller.BookController        : BookController:getBookById()...
2022-07-30 12:33:33.927  INFO [bookstore,,] 31088 --- [main] a.g.d.b.controller.BookController        : BookController:getBookById() Book found, returning
2022-07-30 12:33:33.939  INFO [bookstore,,] 31088 --- [main] a.g.d.b.controller.BookController        : BookController:deleteBookById()...
2022-07-30 12:33:33.940  INFO [bookstore,,] 31088 --- [main] a.g.d.b.controller.BookController        : BookController:deleteBookById() Book having id={id} deleted successfully
2022-07-30 12:33:33.951  INFO [bookstore,,] 31088 --- [main] a.g.d.b.controller.BookController        : BookController:deleteBookById()...
2022-07-30 12:33:33.952  WARN [bookstore,,] 31088 --- [main] a.g.d.b.controller.BookController        : BookController:deleteById() Book not found
2022-07-30 12:33:33.961  INFO [bookstore,,] 31088 --- [main] a.g.d.b.controller.BookController        : BookController:getAllBooks()...
2022-07-30 12:33:33.962  INFO [bookstore,,] 31088 --- [main] a.g.d.b.controller.BookController        : BookController:getAllBooks() no Books found
2022-07-30 12:33:33.972  INFO [bookstore,,] 31088 --- [main] a.g.d.b.controller.BookController        : BookController:updateBook()...
2022-07-30 12:33:33.973  INFO [bookstore,,] 31088 --- [main] a.g.d.b.controller.BookController        : BookController:updateBook() Book updated successfully
2022-07-30 12:33:33.984  INFO [bookstore,,] 31088 --- [main] a.g.d.b.controller.BookController        : BookController:updateBook()...
2022-07-30 12:33:33.985  WARN [bookstore,,] 31088 --- [main] a.g.d.b.controller.BookController        : Book not found with id = {id}
2022-07-30 12:33:35.425  INFO [bookstore,,] 31088 --- [main] a.g.d.b.controller.CheckoutController    : CheckoutController:checkout()...
2022-07-30 12:33:36.853  INFO [bookstore,,] 31088 --- [main] a.g.d.b.controller.DiscountController    : DiscountController:createPromotion()...
2022-07-30 12:33:36.854  WARN [bookstore,,] 31088 --- [main] a.g.d.b.controller.DiscountController    : Discount already exists.
2022-07-30 12:33:36.882  INFO [bookstore,,] 31088 --- [main] a.g.d.b.controller.DiscountController    : DiscountController:createPromotion()...
2022-07-30 12:33:39.253  INFO [bookstore,,] 31088 --- [main] a.g.d.b.controller.PromotionController   : PromotionController:createPromotion()...
2022-07-30 12:33:39.253  WARN [bookstore,,] 31088 --- [main] a.g.d.b.controller.PromotionController   : Promotion already exists.
2022-07-30 12:33:39.281  INFO [bookstore,,] 31088 --- [main] a.g.d.b.controller.PromotionController   : PromotionController:createPromotion()...
2022-07-30 12:33:41.599  INFO [bookstore,,] 31088 --- [main] com.zaxxer.hikari.HikariDataSource       : HikariPool-2 - Starting...
2022-07-30 12:33:41.601  INFO [bookstore,,] 31088 --- [main] com.zaxxer.hikari.HikariDataSource       : HikariPool-2 - Start completed.
2022-07-30 12:33:45.435  INFO [bookstore,,] 31088 --- [main] a.g.d.b.service.impl.BookServiceImpl     : BookService:getBookByName()...
2022-07-30 12:33:45.441  INFO [bookstore,,] 31088 --- [main] a.g.d.b.service.impl.BookServiceImpl     : BookService:getBookById(0)...
2022-07-30 12:33:45.459  INFO [bookstore,,] 31088 --- [main] a.g.d.b.service.impl.BookServiceImpl     : BookService:deleteBook(0)...
2022-07-30 12:33:45.460  INFO [bookstore,,] 31088 --- [main] a.g.d.b.service.impl.BookServiceImpl     : Book [id=0] deleted successfully!
2022-07-30 12:33:47.421  INFO [bookstore,,] 31088 --- [main] com.zaxxer.hikari.HikariDataSource       : HikariPool-3 - Starting...
2022-07-30 12:33:47.421  INFO [bookstore,,] 31088 --- [main] com.zaxxer.hikari.HikariDataSource       : HikariPool-3 - Start completed.
2022-07-30 12:33:51.244  INFO [bookstore,,] 31088 --- [main] com.zaxxer.hikari.HikariDataSource       : HikariPool-4 - Starting...
2022-07-30 12:33:51.246  INFO [bookstore,,] 31088 --- [main] com.zaxxer.hikari.HikariDataSource       : HikariPool-4 - Start completed.
2022-07-30 12:33:53.675  INFO [bookstore,,] 31088 --- [main] a.g.d.b.s.impl.DiscountServiceImpl       : DiscountServiceImpl.getDiscountBybookClassificationAndPromoId(bookClassificationId=0, promoId=0)...
2022-07-30 12:33:53.682  INFO [bookstore,,] 31088 --- [main] a.g.d.b.s.impl.DiscountServiceImpl       : DiscountServiceImpl.getDiscountBybookClassificationAndPromoCode(bookClassification=0, promoCode=)...
2022-07-30 12:33:54.541  INFO [bookstore,,] 31088 --- [main] com.zaxxer.hikari.HikariDataSource       : HikariPool-5 - Starting...
2022-07-30 12:33:54.542  INFO [bookstore,,] 31088 --- [main] com.zaxxer.hikari.HikariDataSource       : HikariPool-5 - Start completed.
2022-07-30 12:33:56.786  INFO [bookstore,,] 31088 --- [main] a.g.d.b.s.impl.PromotionServiceImpl      : BookService:getPromotionByCode()...
2022-07-30 12:33:56.820  INFO [bookstore,,] 31088 --- [SpringApplicationShutdownHook] com.zaxxer.hikari.HikariDataSource       : HikariPool-1 - Shutdown initiated...
2022-07-30 12:33:56.828  INFO [bookstore,,] 31088 --- [SpringApplicationShutdownHook] com.zaxxer.hikari.HikariDataSource       : HikariPool-1 - Shutdown completed.
2022-07-30 12:33:56.846  INFO [bookstore,,] 31088 --- [SpringApplicationShutdownHook] com.zaxxer.hikari.HikariDataSource       : HikariPool-2 - Shutdown initiated...
2022-07-30 12:33:56.850  INFO [bookstore,,] 31088 --- [SpringApplicationShutdownHook] com.zaxxer.hikari.HikariDataSource       : HikariPool-2 - Shutdown completed.
2022-07-30 12:33:56.857  INFO [bookstore,,] 31088 --- [SpringApplicationShutdownHook] com.zaxxer.hikari.HikariDataSource       : HikariPool-3 - Shutdown initiated...
2022-07-30 12:33:56.859  INFO [bookstore,,] 31088 --- [SpringApplicationShutdownHook] com.zaxxer.hikari.HikariDataSource       : HikariPool-3 - Shutdown completed.
2022-07-30 12:33:56.865  INFO [bookstore,,] 31088 --- [SpringApplicationShutdownHook] com.zaxxer.hikari.HikariDataSource       : HikariPool-4 - Shutdown initiated...
2022-07-30 12:33:56.866  INFO [bookstore,,] 31088 --- [SpringApplicationShutdownHook] com.zaxxer.hikari.HikariDataSource       : HikariPool-4 - Shutdown completed.
2022-07-30 12:33:56.875  INFO [bookstore,,] 31088 --- [SpringApplicationShutdownHook] com.zaxxer.hikari.HikariDataSource       : HikariPool-5 - Shutdown initiated...
2022-07-30 12:33:56.876  INFO [bookstore,,] 31088 --- [SpringApplicationShutdownHook] com.zaxxer.hikari.HikariDataSource       : HikariPool-5 - Shutdown completed.
2022-07-30 12:34:34.772  INFO [bookstore,,] 12880 --- [main] com.zaxxer.hikari.HikariDataSource       : HikariPool-1 - Starting...
2022-07-30 12:34:35.062  INFO [bookstore,,] 12880 --- [main] com.zaxxer.hikari.HikariDataSource       : HikariPool-1 - Start completed.
2022-07-30 12:34:48.338  INFO [bookstore,,] 12880 --- [main] a.g.d.b.controller.BookController        : BookController:getAllBooks()...
2022-07-30 12:34:48.339  INFO [bookstore,,] 12880 --- [main] a.g.d.b.controller.BookController        : BookController:getAllBooks() returning books
2022-07-30 12:34:48.379  INFO [bookstore,,] 12880 --- [main] a.g.d.b.controller.BookController        : BookController:getBookById()...
2022-07-30 12:34:48.381  WARN [bookstore,,] 12880 --- [main] a.g.d.b.controller.BookController        : BookController:getBookById() Book not found
2022-07-30 12:34:48.503  INFO [bookstore,,] 12880 --- [main] a.g.d.b.controller.BookController        : BookController:createBook()...
2022-07-30 12:34:48.504  INFO [bookstore,,] 12880 --- [main] a.g.d.b.controller.BookController        : BookController:createBook() book saved
2022-07-30 12:34:48.514  INFO [bookstore,,] 12880 --- [main] a.g.d.b.controller.BookController        : BookController:getBookById()...
2022-07-30 12:34:48.515  INFO [bookstore,,] 12880 --- [main] a.g.d.b.controller.BookController        : BookController:getBookById() Book found, returning
2022-07-30 12:34:48.527  INFO [bookstore,,] 12880 --- [main] a.g.d.b.controller.BookController        : BookController:deleteBookById()...
2022-07-30 12:34:48.528  INFO [bookstore,,] 12880 --- [main] a.g.d.b.controller.BookController        : BookController:deleteBookById() Book having id={id} deleted successfully
2022-07-30 12:34:48.537  INFO [bookstore,,] 12880 --- [main] a.g.d.b.controller.BookController        : BookController:deleteBookById()...
2022-07-30 12:34:48.537  WARN [bookstore,,] 12880 --- [main] a.g.d.b.controller.BookController        : BookController:deleteById() Book not found
2022-07-30 12:34:48.547  INFO [bookstore,,] 12880 --- [main] a.g.d.b.controller.BookController        : BookController:getAllBooks()...
2022-07-30 12:34:48.548  INFO [bookstore,,] 12880 --- [main] a.g.d.b.controller.BookController        : BookController:getAllBooks() no Books found
2022-07-30 12:34:48.558  INFO [bookstore,,] 12880 --- [main] a.g.d.b.controller.BookController        : BookController:updateBook()...
2022-07-30 12:34:48.559  INFO [bookstore,,] 12880 --- [main] a.g.d.b.controller.BookController        : BookController:updateBook() Book updated successfully
2022-07-30 12:34:48.572  INFO [bookstore,,] 12880 --- [main] a.g.d.b.controller.BookController        : BookController:updateBook()...
2022-07-30 12:34:48.573  WARN [bookstore,,] 12880 --- [main] a.g.d.b.controller.BookController        : Book not found with id = {id}
2022-07-30 12:34:50.281  INFO [bookstore,,] 12880 --- [main] a.g.d.b.controller.CheckoutController    : CheckoutController:checkout()...
2022-07-30 12:34:53.003  INFO [bookstore,,] 12880 --- [main] a.g.d.b.controller.DiscountController    : DiscountController:createPromotion()...
2022-07-30 12:34:53.004  WARN [bookstore,,] 12880 --- [main] a.g.d.b.controller.DiscountController    : Discount already exists.
2022-07-30 12:34:53.033  INFO [bookstore,,] 12880 --- [main] a.g.d.b.controller.DiscountController    : DiscountController:createPromotion()...
2022-07-30 12:34:55.418  INFO [bookstore,,] 12880 --- [main] a.g.d.b.controller.PromotionController   : PromotionController:createPromotion()...
2022-07-30 12:34:55.419  WARN [bookstore,,] 12880 --- [main] a.g.d.b.controller.PromotionController   : Promotion already exists.
2022-07-30 12:34:55.445  INFO [bookstore,,] 12880 --- [main] a.g.d.b.controller.PromotionController   : PromotionController:createPromotion()...
2022-07-30 12:34:57.676  INFO [bookstore,,] 12880 --- [main] com.zaxxer.hikari.HikariDataSource       : HikariPool-2 - Starting...
2022-07-30 12:34:57.678  INFO [bookstore,,] 12880 --- [main] com.zaxxer.hikari.HikariDataSource       : HikariPool-2 - Start completed.
2022-07-30 12:35:01.998  INFO [bookstore,,] 12880 --- [main] a.g.d.b.service.impl.BookServiceImpl     : BookService:getBookByName()...
2022-07-30 12:35:02.005  INFO [bookstore,,] 12880 --- [main] a.g.d.b.service.impl.BookServiceImpl     : BookService:getBookById(0)...
2022-07-30 12:35:02.034  INFO [bookstore,,] 12880 --- [main] a.g.d.b.service.impl.BookServiceImpl     : BookService:deleteBook(0)...
2022-07-30 12:35:02.035  INFO [bookstore,,] 12880 --- [main] a.g.d.b.service.impl.BookServiceImpl     : Book [id=0] deleted successfully!
2022-07-30 12:35:03.137  INFO [bookstore,,] 12880 --- [main] com.zaxxer.hikari.HikariDataSource       : HikariPool-3 - Starting...
2022-07-30 12:35:03.139  INFO [bookstore,,] 12880 --- [main] com.zaxxer.hikari.HikariDataSource       : HikariPool-3 - Start completed.
2022-07-30 12:35:07.155  INFO [bookstore,,] 12880 --- [main] com.zaxxer.hikari.HikariDataSource       : HikariPool-4 - Starting...
2022-07-30 12:35:07.157  INFO [bookstore,,] 12880 --- [main] com.zaxxer.hikari.HikariDataSource       : HikariPool-4 - Start completed.
2022-07-30 12:35:09.940  INFO [bookstore,,] 12880 --- [main] a.g.d.b.s.impl.DiscountServiceImpl       : DiscountServiceImpl.getDiscountBybookClassificationAndPromoId(bookClassificationId=0, promoId=0)...
2022-07-30 12:35:09.950  INFO [bookstore,,] 12880 --- [main] a.g.d.b.s.impl.DiscountServiceImpl       : DiscountServiceImpl.getDiscountBybookClassificationAndPromoCode(bookClassification=0, promoCode=)...
2022-07-30 12:35:11.007  INFO [bookstore,,] 12880 --- [main] com.zaxxer.hikari.HikariDataSource       : HikariPool-5 - Starting...
2022-07-30 12:35:11.008  INFO [bookstore,,] 12880 --- [main] com.zaxxer.hikari.HikariDataSource       : HikariPool-5 - Start completed.
2022-07-30 12:35:16.157  INFO [bookstore,,] 12880 --- [main] a.g.d.b.s.impl.PromotionServiceImpl      : BookService:getPromotionByCode()...
2022-07-30 12:35:16.216  INFO [bookstore,,] 12880 --- [SpringApplicationShutdownHook] com.zaxxer.hikari.HikariDataSource       : HikariPool-1 - Shutdown initiated...
2022-07-30 12:35:16.221  INFO [bookstore,,] 12880 --- [SpringApplicationShutdownHook] com.zaxxer.hikari.HikariDataSource       : HikariPool-1 - Shutdown completed.
2022-07-30 12:35:16.250  INFO [bookstore,,] 12880 --- [SpringApplicationShutdownHook] com.zaxxer.hikari.HikariDataSource       : HikariPool-2 - Shutdown initiated...
2022-07-30 12:35:16.255  INFO [bookstore,,] 12880 --- [SpringApplicationShutdownHook] com.zaxxer.hikari.HikariDataSource       : HikariPool-2 - Shutdown completed.
2022-07-30 12:35:16.268  INFO [bookstore,,] 12880 --- [SpringApplicationShutdownHook] com.zaxxer.hikari.HikariDataSource       : HikariPool-3 - Shutdown initiated...
2022-07-30 12:35:16.270  INFO [bookstore,,] 12880 --- [SpringApplicationShutdownHook] com.zaxxer.hikari.HikariDataSource       : HikariPool-3 - Shutdown completed.
2022-07-30 12:35:16.281  INFO [bookstore,,] 12880 --- [SpringApplicationShutdownHook] com.zaxxer.hikari.HikariDataSource       : HikariPool-4 - Shutdown initiated...
2022-07-30 12:35:16.283  INFO [bookstore,,] 12880 --- [SpringApplicationShutdownHook] com.zaxxer.hikari.HikariDataSource       : HikariPool-4 - Shutdown completed.
2022-07-30 12:35:16.293  INFO [bookstore,,] 12880 --- [SpringApplicationShutdownHook] com.zaxxer.hikari.HikariDataSource       : HikariPool-5 - Shutdown initiated...
2022-07-30 12:35:16.295  INFO [bookstore,,] 12880 --- [SpringApplicationShutdownHook] com.zaxxer.hikari.HikariDataSource       : HikariPool-5 - Shutdown completed.
2022-07-30 12:35:28.722  INFO [bookstore,,] 22048 --- [main] com.zaxxer.hikari.HikariDataSource       : HikariPool-1 - Starting...
2022-07-30 12:35:29.009  INFO [bookstore,,] 22048 --- [main] com.zaxxer.hikari.HikariDataSource       : HikariPool-1 - Start completed.
2022-07-30 12:35:45.394  INFO [bookstore,,] 22048 --- [main] a.g.d.b.controller.BookController        : BookController:getAllBooks()...
2022-07-30 12:35:45.395  INFO [bookstore,,] 22048 --- [main] a.g.d.b.controller.BookController        : BookController:getAllBooks() returning books
2022-07-30 12:35:45.428  INFO [bookstore,,] 22048 --- [main] a.g.d.b.controller.BookController        : BookController:getBookById()...
2022-07-30 12:35:45.431  WARN [bookstore,,] 22048 --- [main] a.g.d.b.controller.BookController        : BookController:getBookById() Book not found
2022-07-30 12:35:45.536  INFO [bookstore,,] 22048 --- [main] a.g.d.b.controller.BookController        : BookController:createBook()...
2022-07-30 12:35:45.537  INFO [bookstore,,] 22048 --- [main] a.g.d.b.controller.BookController        : BookController:createBook() book saved
2022-07-30 12:35:45.549  INFO [bookstore,,] 22048 --- [main] a.g.d.b.controller.BookController        : BookController:getBookById()...
2022-07-30 12:35:45.550  INFO [bookstore,,] 22048 --- [main] a.g.d.b.controller.BookController        : BookController:getBookById() Book found, returning
2022-07-30 12:35:45.563  INFO [bookstore,,] 22048 --- [main] a.g.d.b.controller.BookController        : BookController:deleteBookById()...
2022-07-30 12:35:45.564  INFO [bookstore,,] 22048 --- [main] a.g.d.b.controller.BookController        : BookController:deleteBookById() Book having id={id} deleted successfully
2022-07-30 12:35:45.574  INFO [bookstore,,] 22048 --- [main] a.g.d.b.controller.BookController        : BookController:deleteBookById()...
2022-07-30 12:35:45.575  WARN [bookstore,,] 22048 --- [main] a.g.d.b.controller.BookController        : BookController:deleteById() Book not found
2022-07-30 12:35:45.584  INFO [bookstore,,] 22048 --- [main] a.g.d.b.controller.BookController        : BookController:getAllBooks()...
2022-07-30 12:35:45.585  INFO [bookstore,,] 22048 --- [main] a.g.d.b.controller.BookController        : BookController:getAllBooks() no Books found
2022-07-30 12:35:45.597  INFO [bookstore,,] 22048 --- [main] a.g.d.b.controller.BookController        : BookController:updateBook()...
2022-07-30 12:35:45.598  INFO [bookstore,,] 22048 --- [main] a.g.d.b.controller.BookController        : BookController:updateBook() Book updated successfully
2022-07-30 12:35:45.610  INFO [bookstore,,] 22048 --- [main] a.g.d.b.controller.BookController        : BookController:updateBook()...
2022-07-30 12:35:45.611  WARN [bookstore,,] 22048 --- [main] a.g.d.b.controller.BookController        : Book not found with id = {id}
2022-07-30 12:35:48.027  INFO [bookstore,,] 22048 --- [main] a.g.d.b.controller.CheckoutController    : CheckoutController:checkout()...
2022-07-30 12:35:49.872  INFO [bookstore,,] 22048 --- [main] a.g.d.b.controller.DiscountController    : DiscountController:createPromotion()...
2022-07-30 12:35:49.873  WARN [bookstore,,] 22048 --- [main] a.g.d.b.controller.DiscountController    : Discount already exists.
2022-07-30 12:35:49.903  INFO [bookstore,,] 22048 --- [main] a.g.d.b.controller.DiscountController    : DiscountController:createPromotion()...
2022-07-30 12:35:51.385  INFO [bookstore,,] 22048 --- [main] a.g.d.b.controller.PromotionController   : PromotionController:createPromotion()...
2022-07-30 12:35:51.386  WARN [bookstore,,] 22048 --- [main] a.g.d.b.controller.PromotionController   : Promotion already exists.
2022-07-30 12:35:51.413  INFO [bookstore,,] 22048 --- [main] a.g.d.b.controller.PromotionController   : PromotionController:createPromotion()...
2022-07-30 12:35:52.785  INFO [bookstore,,] 22048 --- [main] com.zaxxer.hikari.HikariDataSource       : HikariPool-2 - Starting...
2022-07-30 12:35:52.787  INFO [bookstore,,] 22048 --- [main] com.zaxxer.hikari.HikariDataSource       : HikariPool-2 - Start completed.
2022-07-30 12:35:56.266  INFO [bookstore,,] 22048 --- [main] a.g.d.b.service.impl.BookServiceImpl     : BookService:getBookByName()...
2022-07-30 12:35:56.273  INFO [bookstore,,] 22048 --- [main] a.g.d.b.service.impl.BookServiceImpl     : BookService:getBookById(0)...
2022-07-30 12:35:56.303  INFO [bookstore,,] 22048 --- [main] a.g.d.b.service.impl.BookServiceImpl     : BookService:deleteBook(0)...
2022-07-30 12:35:56.304  INFO [bookstore,,] 22048 --- [main] a.g.d.b.service.impl.BookServiceImpl     : Book [id=0] deleted successfully!
2022-07-30 12:35:57.368  INFO [bookstore,,] 22048 --- [main] com.zaxxer.hikari.HikariDataSource       : HikariPool-3 - Starting...
2022-07-30 12:35:57.370  INFO [bookstore,,] 22048 --- [main] com.zaxxer.hikari.HikariDataSource       : HikariPool-3 - Start completed.
2022-07-30 12:36:03.463  INFO [bookstore,,] 22048 --- [main] com.zaxxer.hikari.HikariDataSource       : HikariPool-4 - Starting...
2022-07-30 12:36:03.465  INFO [bookstore,,] 22048 --- [main] com.zaxxer.hikari.HikariDataSource       : HikariPool-4 - Start completed.
2022-07-30 12:36:07.227  INFO [bookstore,,] 22048 --- [main] a.g.d.b.s.impl.DiscountServiceImpl       : DiscountServiceImpl.getDiscountBybookClassificationAndPromoId(bookClassificationId=0, promoId=0)...
2022-07-30 12:36:07.238  INFO [bookstore,,] 22048 --- [main] a.g.d.b.s.impl.DiscountServiceImpl       : DiscountServiceImpl.getDiscountBybookClassificationAndPromoCode(bookClassification=0, promoCode=)...
2022-07-30 12:36:09.663  INFO [bookstore,,] 22048 --- [main] com.zaxxer.hikari.HikariDataSource       : HikariPool-5 - Starting...
2022-07-30 12:36:09.664  INFO [bookstore,,] 22048 --- [main] com.zaxxer.hikari.HikariDataSource       : HikariPool-5 - Start completed.
2022-07-30 12:36:12.442  INFO [bookstore,,] 22048 --- [main] a.g.d.b.s.impl.PromotionServiceImpl      : BookService:getPromotionByCode()...
2022-07-30 12:36:12.485  INFO [bookstore,,] 22048 --- [SpringApplicationShutdownHook] com.zaxxer.hikari.HikariDataSource       : HikariPool-1 - Shutdown initiated...
2022-07-30 12:36:12.489  INFO [bookstore,,] 22048 --- [SpringApplicationShutdownHook] com.zaxxer.hikari.HikariDataSource       : HikariPool-1 - Shutdown completed.
2022-07-30 12:36:12.505  INFO [bookstore,,] 22048 --- [SpringApplicationShutdownHook] com.zaxxer.hikari.HikariDataSource       : HikariPool-2 - Shutdown initiated...
2022-07-30 12:36:12.508  INFO [bookstore,,] 22048 --- [SpringApplicationShutdownHook] com.zaxxer.hikari.HikariDataSource       : HikariPool-2 - Shutdown completed.
2022-07-30 12:36:12.519  INFO [bookstore,,] 22048 --- [SpringApplicationShutdownHook] com.zaxxer.hikari.HikariDataSource       : HikariPool-3 - Shutdown initiated...
2022-07-30 12:36:12.520  INFO [bookstore,,] 22048 --- [SpringApplicationShutdownHook] com.zaxxer.hikari.HikariDataSource       : HikariPool-3 - Shutdown completed.
2022-07-30 12:36:12.529  INFO [bookstore,,] 22048 --- [SpringApplicationShutdownHook] com.zaxxer.hikari.HikariDataSource       : HikariPool-4 - Shutdown initiated...
2022-07-30 12:36:12.530  INFO [bookstore,,] 22048 --- [SpringApplicationShutdownHook] com.zaxxer.hikari.HikariDataSource       : HikariPool-4 - Shutdown completed.
2022-07-30 12:36:12.540  INFO [bookstore,,] 22048 --- [SpringApplicationShutdownHook] com.zaxxer.hikari.HikariDataSource       : HikariPool-5 - Shutdown initiated...
2022-07-30 12:36:12.542  INFO [bookstore,,] 22048 --- [SpringApplicationShutdownHook] com.zaxxer.hikari.HikariDataSource       : HikariPool-5 - Shutdown completed.
2022-07-30 12:36:40.026  INFO [bookstore,,] 10576 --- [main] com.zaxxer.hikari.HikariDataSource       : HikariPool-1 - Starting...
2022-07-30 12:36:40.320  INFO [bookstore,,] 10576 --- [main] com.zaxxer.hikari.HikariDataSource       : HikariPool-1 - Start completed.
2022-07-30 12:36:56.050  INFO [bookstore,,] 10576 --- [main] a.g.d.b.controller.BookController        : BookController:getAllBooks()...
2022-07-30 12:36:56.051  INFO [bookstore,,] 10576 --- [main] a.g.d.b.controller.BookController        : BookController:getAllBooks() returning books
2022-07-30 12:36:56.080  INFO [bookstore,,] 10576 --- [main] a.g.d.b.controller.BookController        : BookController:getBookById()...
2022-07-30 12:36:56.083  WARN [bookstore,,] 10576 --- [main] a.g.d.b.controller.BookController        : BookController:getBookById() Book not found
2022-07-30 12:36:56.220  INFO [bookstore,,] 10576 --- [main] a.g.d.b.controller.BookController        : BookController:createBook()...
2022-07-30 12:36:56.220  INFO [bookstore,,] 10576 --- [main] a.g.d.b.controller.BookController        : BookController:createBook() book saved
2022-07-30 12:36:56.230  INFO [bookstore,,] 10576 --- [main] a.g.d.b.controller.BookController        : BookController:getBookById()...
2022-07-30 12:36:56.231  INFO [bookstore,,] 10576 --- [main] a.g.d.b.controller.BookController        : BookController:getBookById() Book found, returning
2022-07-30 12:36:56.245  INFO [bookstore,,] 10576 --- [main] a.g.d.b.controller.BookController        : BookController:deleteBookById()...
2022-07-30 12:36:56.247  INFO [bookstore,,] 10576 --- [main] a.g.d.b.controller.BookController        : BookController:deleteBookById() Book having id={id} deleted successfully
2022-07-30 12:36:56.258  INFO [bookstore,,] 10576 --- [main] a.g.d.b.controller.BookController        : BookController:deleteBookById()...
2022-07-30 12:36:56.259  WARN [bookstore,,] 10576 --- [main] a.g.d.b.controller.BookController        : BookController:deleteById() Book not found
2022-07-30 12:36:56.270  INFO [bookstore,,] 10576 --- [main] a.g.d.b.controller.BookController        : BookController:getAllBooks()...
2022-07-30 12:36:56.271  INFO [bookstore,,] 10576 --- [main] a.g.d.b.controller.BookController        : BookController:getAllBooks() no Books found
2022-07-30 12:36:56.283  INFO [bookstore,,] 10576 --- [main] a.g.d.b.controller.BookController        : BookController:updateBook()...
2022-07-30 12:36:56.284  INFO [bookstore,,] 10576 --- [main] a.g.d.b.controller.BookController        : BookController:updateBook() Book updated successfully
2022-07-30 12:36:56.296  INFO [bookstore,,] 10576 --- [main] a.g.d.b.controller.BookController        : BookController:updateBook()...
2022-07-30 12:36:56.297  WARN [bookstore,,] 10576 --- [main] a.g.d.b.controller.BookController        : Book not found with id = {id}
2022-07-30 12:36:58.776  INFO [bookstore,,] 10576 --- [main] a.g.d.b.controller.CheckoutController    : CheckoutController:checkout()...
2022-07-30 12:37:01.339  INFO [bookstore,,] 10576 --- [main] a.g.d.b.controller.DiscountController    : DiscountController:createPromotion()...
2022-07-30 12:37:01.340  WARN [bookstore,,] 10576 --- [main] a.g.d.b.controller.DiscountController    : Discount already exists.
2022-07-30 12:37:01.372  INFO [bookstore,,] 10576 --- [main] a.g.d.b.controller.DiscountController    : DiscountController:createPromotion()...
2022-07-30 12:37:03.541  INFO [bookstore,,] 10576 --- [main] a.g.d.b.controller.PromotionController   : PromotionController:createPromotion()...
2022-07-30 12:37:03.542  WARN [bookstore,,] 10576 --- [main] a.g.d.b.controller.PromotionController   : Promotion already exists.
2022-07-30 12:37:03.565  INFO [bookstore,,] 10576 --- [main] a.g.d.b.controller.PromotionController   : PromotionController:createPromotion()...
2022-07-30 12:37:05.770  INFO [bookstore,,] 10576 --- [main] com.zaxxer.hikari.HikariDataSource       : HikariPool-2 - Starting...
2022-07-30 12:37:05.771  INFO [bookstore,,] 10576 --- [main] com.zaxxer.hikari.HikariDataSource       : HikariPool-2 - Start completed.
2022-07-30 12:37:08.656  INFO [bookstore,,] 10576 --- [main] a.g.d.b.service.impl.BookServiceImpl     : BookService:getBookByName()...
2022-07-30 12:37:08.668  INFO [bookstore,,] 10576 --- [main] a.g.d.b.service.impl.BookServiceImpl     : BookService:getBookById(0)...
2022-07-30 12:37:08.694  INFO [bookstore,,] 10576 --- [main] a.g.d.b.service.impl.BookServiceImpl     : BookService:deleteBook(0)...
2022-07-30 12:37:08.695  INFO [bookstore,,] 10576 --- [main] a.g.d.b.service.impl.BookServiceImpl     : Book [id=0] deleted successfully!
2022-07-30 12:37:09.707  INFO [bookstore,,] 10576 --- [main] com.zaxxer.hikari.HikariDataSource       : HikariPool-3 - Starting...
2022-07-30 12:37:09.709  INFO [bookstore,,] 10576 --- [main] com.zaxxer.hikari.HikariDataSource       : HikariPool-3 - Start completed.
2022-07-30 12:37:13.480  INFO [bookstore,,] 10576 --- [main] com.zaxxer.hikari.HikariDataSource       : HikariPool-4 - Starting...
2022-07-30 12:37:13.482  INFO [bookstore,,] 10576 --- [main] com.zaxxer.hikari.HikariDataSource       : HikariPool-4 - Start completed.
2022-07-30 12:37:16.870  INFO [bookstore,,] 10576 --- [main] a.g.d.b.s.impl.DiscountServiceImpl       : DiscountServiceImpl.getDiscountBybookClassificationAndPromoId(bookClassificationId=0, promoId=0)...
2022-07-30 12:37:16.878  INFO [bookstore,,] 10576 --- [main] a.g.d.b.s.impl.DiscountServiceImpl       : DiscountServiceImpl.getDiscountBybookClassificationAndPromoCode(bookClassification=0, promoCode=)...
2022-07-30 12:37:18.848  INFO [bookstore,,] 10576 --- [main] com.zaxxer.hikari.HikariDataSource       : HikariPool-5 - Starting...
2022-07-30 12:37:18.849  INFO [bookstore,,] 10576 --- [main] com.zaxxer.hikari.HikariDataSource       : HikariPool-5 - Start completed.
2022-07-30 12:37:22.439  INFO [bookstore,,] 10576 --- [main] a.g.d.b.s.impl.PromotionServiceImpl      : BookService:getPromotionByCode()...
2022-07-30 12:37:22.468  INFO [bookstore,,] 10576 --- [SpringApplicationShutdownHook] com.zaxxer.hikari.HikariDataSource       : HikariPool-1 - Shutdown initiated...
2022-07-30 12:37:22.476  INFO [bookstore,,] 10576 --- [SpringApplicationShutdownHook] com.zaxxer.hikari.HikariDataSource       : HikariPool-1 - Shutdown completed.
2022-07-30 12:37:22.488  INFO [bookstore,,] 10576 --- [SpringApplicationShutdownHook] com.zaxxer.hikari.HikariDataSource       : HikariPool-2 - Shutdown initiated...
2022-07-30 12:37:22.492  INFO [bookstore,,] 10576 --- [SpringApplicationShutdownHook] com.zaxxer.hikari.HikariDataSource       : HikariPool-2 - Shutdown completed.
2022-07-30 12:37:22.497  INFO [bookstore,,] 10576 --- [SpringApplicationShutdownHook] com.zaxxer.hikari.HikariDataSource       : HikariPool-3 - Shutdown initiated...
2022-07-30 12:37:22.497  INFO [bookstore,,] 10576 --- [SpringApplicationShutdownHook] com.zaxxer.hikari.HikariDataSource       : HikariPool-3 - Shutdown completed.
2022-07-30 12:37:22.501  INFO [bookstore,,] 10576 --- [SpringApplicationShutdownHook] com.zaxxer.hikari.HikariDataSource       : HikariPool-4 - Shutdown initiated...
2022-07-30 12:37:22.502  INFO [bookstore,,] 10576 --- [SpringApplicationShutdownHook] com.zaxxer.hikari.HikariDataSource       : HikariPool-4 - Shutdown completed.
2022-07-30 12:37:22.510  INFO [bookstore,,] 10576 --- [SpringApplicationShutdownHook] com.zaxxer.hikari.HikariDataSource       : HikariPool-5 - Shutdown initiated...
2022-07-30 12:37:22.511  INFO [bookstore,,] 10576 --- [SpringApplicationShutdownHook] com.zaxxer.hikari.HikariDataSource       : HikariPool-5 - Shutdown completed.
2022-07-30 12:38:42.964  INFO [bookstore,,] 11732 --- [main] com.zaxxer.hikari.HikariDataSource       : HikariPool-1 - Starting...
2022-07-30 12:38:43.348  INFO [bookstore,,] 11732 --- [main] com.zaxxer.hikari.HikariDataSource       : HikariPool-1 - Start completed.
2022-07-30 12:38:55.908  INFO [bookstore,,] 11732 --- [main] a.g.d.b.controller.BookController        : BookController:getAllBooks()...
2022-07-30 12:38:55.913  INFO [bookstore,,] 11732 --- [main] a.g.d.b.controller.BookController        : BookController:getAllBooks() returning books
2022-07-30 12:38:56.305  INFO [bookstore,,] 11732 --- [main] a.g.d.b.controller.BookController        : BookController:getBookById()...
2022-07-30 12:38:56.307  WARN [bookstore,,] 11732 --- [main] a.g.d.b.controller.BookController        : BookController:getBookById() Book not found
2022-07-30 12:38:56.486  INFO [bookstore,,] 11732 --- [main] a.g.d.b.controller.BookController        : BookController:createBook()...
2022-07-30 12:38:56.487  INFO [bookstore,,] 11732 --- [main] a.g.d.b.controller.BookController        : BookController:createBook() book saved
2022-07-30 12:38:56.509  INFO [bookstore,,] 11732 --- [main] a.g.d.b.controller.BookController        : BookController:getBookById()...
2022-07-30 12:38:56.510  INFO [bookstore,,] 11732 --- [main] a.g.d.b.controller.BookController        : BookController:getBookById() Book found, returning
2022-07-30 12:38:56.530  INFO [bookstore,,] 11732 --- [main] a.g.d.b.controller.BookController        : BookController:deleteBookById()...
2022-07-30 12:38:56.533  INFO [bookstore,,] 11732 --- [main] a.g.d.b.controller.BookController        : BookController:deleteBookById() Book having id={id} deleted successfully
2022-07-30 12:38:56.564  INFO [bookstore,,] 11732 --- [main] a.g.d.b.controller.BookController        : BookController:deleteBookById()...
2022-07-30 12:38:56.567  WARN [bookstore,,] 11732 --- [main] a.g.d.b.controller.BookController        : BookController:deleteById() Book not found
2022-07-30 12:38:56.608  INFO [bookstore,,] 11732 --- [main] a.g.d.b.controller.BookController        : BookController:getAllBooks()...
2022-07-30 12:38:56.610  INFO [bookstore,,] 11732 --- [main] a.g.d.b.controller.BookController        : BookController:getAllBooks() no Books found
2022-07-30 12:38:56.631  INFO [bookstore,,] 11732 --- [main] a.g.d.b.controller.BookController        : BookController:updateBook()...
2022-07-30 12:38:56.636  INFO [bookstore,,] 11732 --- [main] a.g.d.b.controller.BookController        : BookController:updateBook() Book updated successfully
2022-07-30 12:38:56.655  INFO [bookstore,,] 11732 --- [main] a.g.d.b.controller.BookController        : BookController:updateBook()...
2022-07-30 12:38:56.658  WARN [bookstore,,] 11732 --- [main] a.g.d.b.controller.BookController        : Book not found with id = {id}
2022-07-30 12:38:58.189  INFO [bookstore,,] 11732 --- [main] a.g.d.b.controller.CheckoutController    : CheckoutController:checkout()...
2022-07-30 12:39:00.963  INFO [bookstore,,] 11732 --- [main] com.zaxxer.hikari.HikariDataSource       : HikariPool-2 - Starting...
2022-07-30 12:39:00.965  INFO [bookstore,,] 11732 --- [main] com.zaxxer.hikari.HikariDataSource       : HikariPool-2 - Start completed.
2022-07-30 12:39:06.490  INFO [bookstore,,] 11732 --- [main] a.g.d.b.service.impl.BookServiceImpl     : BookService:getBookByName()...
2022-07-30 12:39:06.499  INFO [bookstore,,] 11732 --- [main] a.g.d.b.service.impl.BookServiceImpl     : BookService:getBookById(0)...
2022-07-30 12:39:06.527  INFO [bookstore,,] 11732 --- [main] a.g.d.b.service.impl.BookServiceImpl     : BookService:deleteBook(0)...
2022-07-30 12:39:06.529  INFO [bookstore,,] 11732 --- [main] a.g.d.b.service.impl.BookServiceImpl     : Book [id=0] deleted successfully!
2022-07-30 12:39:09.068  INFO [bookstore,,] 11732 --- [main] com.zaxxer.hikari.HikariDataSource       : HikariPool-3 - Starting...
2022-07-30 12:39:09.071  INFO [bookstore,,] 11732 --- [main] com.zaxxer.hikari.HikariDataSource       : HikariPool-3 - Start completed.
2022-07-30 12:39:13.595  INFO [bookstore,,] 11732 --- [main] com.zaxxer.hikari.HikariDataSource       : HikariPool-4 - Starting...
2022-07-30 12:39:13.596  INFO [bookstore,,] 11732 --- [main] com.zaxxer.hikari.HikariDataSource       : HikariPool-4 - Start completed.
2022-07-30 12:39:16.692  INFO [bookstore,,] 11732 --- [main] a.g.d.b.s.impl.DiscountServiceImpl       : DiscountServiceImpl.getDiscountBybookClassificationAndPromoId(bookClassificationId=0, promoId=0)...
2022-07-30 12:39:16.703  INFO [bookstore,,] 11732 --- [main] a.g.d.b.s.impl.DiscountServiceImpl       : DiscountServiceImpl.getDiscountBybookClassificationAndPromoCode(bookClassification=0, promoCode=)...
2022-07-30 12:39:17.769  INFO [bookstore,,] 11732 --- [main] com.zaxxer.hikari.HikariDataSource       : HikariPool-5 - Starting...
2022-07-30 12:39:17.771  INFO [bookstore,,] 11732 --- [main] com.zaxxer.hikari.HikariDataSource       : HikariPool-5 - Start completed.
2022-07-30 12:39:22.084  INFO [bookstore,,] 11732 --- [main] a.g.d.b.s.impl.PromotionServiceImpl      : BookService:getPromotionByCode()...
2022-07-30 12:39:22.118  INFO [bookstore,,] 11732 --- [SpringApplicationShutdownHook] com.zaxxer.hikari.HikariDataSource       : HikariPool-1 - Shutdown initiated...
2022-07-30 12:39:22.122  INFO [bookstore,,] 11732 --- [SpringApplicationShutdownHook] com.zaxxer.hikari.HikariDataSource       : HikariPool-1 - Shutdown completed.
2022-07-30 12:39:22.137  INFO [bookstore,,] 11732 --- [SpringApplicationShutdownHook] com.zaxxer.hikari.HikariDataSource       : HikariPool-2 - Shutdown initiated...
2022-07-30 12:39:22.140  INFO [bookstore,,] 11732 --- [SpringApplicationShutdownHook] com.zaxxer.hikari.HikariDataSource       : HikariPool-2 - Shutdown completed.
2022-07-30 12:39:22.150  INFO [bookstore,,] 11732 --- [SpringApplicationShutdownHook] com.zaxxer.hikari.HikariDataSource       : HikariPool-3 - Shutdown initiated...
2022-07-30 12:39:22.151  INFO [bookstore,,] 11732 --- [SpringApplicationShutdownHook] com.zaxxer.hikari.HikariDataSource       : HikariPool-3 - Shutdown completed.
2022-07-30 12:39:22.156  INFO [bookstore,,] 11732 --- [SpringApplicationShutdownHook] com.zaxxer.hikari.HikariDataSource       : HikariPool-4 - Shutdown initiated...
2022-07-30 12:39:22.158  INFO [bookstore,,] 11732 --- [SpringApplicationShutdownHook] com.zaxxer.hikari.HikariDataSource       : HikariPool-4 - Shutdown completed.
2022-07-30 12:39:22.165  INFO [bookstore,,] 11732 --- [SpringApplicationShutdownHook] com.zaxxer.hikari.HikariDataSource       : HikariPool-5 - Shutdown initiated...
2022-07-30 12:39:22.166  INFO [bookstore,,] 11732 --- [SpringApplicationShutdownHook] com.zaxxer.hikari.HikariDataSource       : HikariPool-5 - Shutdown completed.
2022-07-30 12:41:31.277  INFO [bookstore,,] 23780 --- [main] com.zaxxer.hikari.HikariDataSource       : HikariPool-1 - Starting...
2022-07-30 12:41:31.598  INFO [bookstore,,] 23780 --- [main] com.zaxxer.hikari.HikariDataSource       : HikariPool-1 - Start completed.
2022-07-30 12:41:43.620  INFO [bookstore,,] 23780 --- [main] a.g.d.b.controller.BookController        : BookController:getAllBooks()...
2022-07-30 12:41:43.623  INFO [bookstore,,] 23780 --- [main] a.g.d.b.controller.BookController        : BookController:getAllBooks() returning books
2022-07-30 12:41:43.800  INFO [bookstore,,] 23780 --- [main] a.g.d.b.controller.BookController        : BookController:getBookById()...
2022-07-30 12:41:43.803  WARN [bookstore,,] 23780 --- [main] a.g.d.b.controller.BookController        : BookController:getBookById() Book not found
2022-07-30 12:41:43.962  INFO [bookstore,,] 23780 --- [main] a.g.d.b.controller.BookController        : BookController:createBook()...
2022-07-30 12:41:43.963  INFO [bookstore,,] 23780 --- [main] a.g.d.b.controller.BookController        : BookController:createBook() book saved
2022-07-30 12:41:43.980  INFO [bookstore,,] 23780 --- [main] a.g.d.b.controller.BookController        : BookController:getBookById()...
2022-07-30 12:41:43.981  INFO [bookstore,,] 23780 --- [main] a.g.d.b.controller.BookController        : BookController:getBookById() Book found, returning
2022-07-30 12:41:43.996  INFO [bookstore,,] 23780 --- [main] a.g.d.b.controller.BookController        : BookController:deleteBookById()...
2022-07-30 12:41:43.997  INFO [bookstore,,] 23780 --- [main] a.g.d.b.controller.BookController        : BookController:deleteBookById() Book having id={id} deleted successfully
2022-07-30 12:41:44.012  INFO [bookstore,,] 23780 --- [main] a.g.d.b.controller.BookController        : BookController:deleteBookById()...
2022-07-30 12:41:44.014  WARN [bookstore,,] 23780 --- [main] a.g.d.b.controller.BookController        : BookController:deleteById() Book not found
2022-07-30 12:41:44.030  INFO [bookstore,,] 23780 --- [main] a.g.d.b.controller.BookController        : BookController:getAllBooks()...
2022-07-30 12:41:44.031  INFO [bookstore,,] 23780 --- [main] a.g.d.b.controller.BookController        : BookController:getAllBooks() no Books found
2022-07-30 12:41:44.046  INFO [bookstore,,] 23780 --- [main] a.g.d.b.controller.BookController        : BookController:updateBook()...
2022-07-30 12:41:44.047  INFO [bookstore,,] 23780 --- [main] a.g.d.b.controller.BookController        : BookController:updateBook() Book updated successfully
2022-07-30 12:41:44.080  INFO [bookstore,,] 23780 --- [main] a.g.d.b.controller.BookController        : BookController:updateBook()...
2022-07-30 12:41:44.081  WARN [bookstore,,] 23780 --- [main] a.g.d.b.controller.BookController        : Book not found with id = {id}
2022-07-30 12:41:45.736  INFO [bookstore,,] 23780 --- [main] a.g.d.b.controller.CheckoutController    : CheckoutController:checkout()...
2022-07-30 12:41:49.023  INFO [bookstore,,] 23780 --- [main] com.zaxxer.hikari.HikariDataSource       : HikariPool-2 - Starting...
2022-07-30 12:41:49.025  INFO [bookstore,,] 23780 --- [main] com.zaxxer.hikari.HikariDataSource       : HikariPool-2 - Start completed.
2022-07-30 12:41:55.081  INFO [bookstore,,] 23780 --- [main] a.g.d.b.service.impl.BookServiceImpl     : BookService:getBookByName()...
2022-07-30 12:41:55.094  INFO [bookstore,,] 23780 --- [main] a.g.d.b.service.impl.BookServiceImpl     : BookService:getBookById(0)...
2022-07-30 12:41:55.136  INFO [bookstore,,] 23780 --- [main] a.g.d.b.service.impl.BookServiceImpl     : BookService:deleteBook(0)...
2022-07-30 12:41:55.138  INFO [bookstore,,] 23780 --- [main] a.g.d.b.service.impl.BookServiceImpl     : Book [id=0] deleted successfully!
2022-07-30 12:41:58.626  INFO [bookstore,,] 23780 --- [main] com.zaxxer.hikari.HikariDataSource       : HikariPool-3 - Starting...
2022-07-30 12:41:58.630  INFO [bookstore,,] 23780 --- [main] com.zaxxer.hikari.HikariDataSource       : HikariPool-3 - Start completed.
2022-07-30 12:42:04.838  INFO [bookstore,,] 23780 --- [main] com.zaxxer.hikari.HikariDataSource       : HikariPool-4 - Starting...
2022-07-30 12:42:04.840  INFO [bookstore,,] 23780 --- [main] com.zaxxer.hikari.HikariDataSource       : HikariPool-4 - Start completed.
2022-07-30 12:42:10.119  INFO [bookstore,,] 23780 --- [main] a.g.d.b.s.impl.DiscountServiceImpl       : DiscountServiceImpl.getDiscountBybookClassificationAndPromoId(bookClassificationId=0, promoId=0)...
2022-07-30 12:42:10.129  INFO [bookstore,,] 23780 --- [main] a.g.d.b.s.impl.DiscountServiceImpl       : DiscountServiceImpl.getDiscountBybookClassificationAndPromoCode(bookClassification=0, promoCode=)...
2022-07-30 12:42:12.951  INFO [bookstore,,] 23780 --- [main] com.zaxxer.hikari.HikariDataSource       : HikariPool-5 - Starting...
2022-07-30 12:42:12.953  INFO [bookstore,,] 23780 --- [main] com.zaxxer.hikari.HikariDataSource       : HikariPool-5 - Start completed.
2022-07-30 12:42:17.066  INFO [bookstore,,] 23780 --- [main] a.g.d.b.s.impl.PromotionServiceImpl      : BookService:getPromotionByCode()...
2022-07-30 12:42:17.100  INFO [bookstore,,] 23780 --- [SpringApplicationShutdownHook] com.zaxxer.hikari.HikariDataSource       : HikariPool-1 - Shutdown initiated...
2022-07-30 12:42:17.108  INFO [bookstore,,] 23780 --- [SpringApplicationShutdownHook] com.zaxxer.hikari.HikariDataSource       : HikariPool-1 - Shutdown completed.
2022-07-30 12:42:17.119  INFO [bookstore,,] 23780 --- [SpringApplicationShutdownHook] com.zaxxer.hikari.HikariDataSource       : HikariPool-2 - Shutdown initiated...
2022-07-30 12:42:17.122  INFO [bookstore,,] 23780 --- [SpringApplicationShutdownHook] com.zaxxer.hikari.HikariDataSource       : HikariPool-2 - Shutdown completed.
2022-07-30 12:42:17.130  INFO [bookstore,,] 23780 --- [SpringApplicationShutdownHook] com.zaxxer.hikari.HikariDataSource       : HikariPool-3 - Shutdown initiated...
2022-07-30 12:42:17.136  INFO [bookstore,,] 23780 --- [SpringApplicationShutdownHook] com.zaxxer.hikari.HikariDataSource       : HikariPool-3 - Shutdown completed.
2022-07-30 12:42:17.145  INFO [bookstore,,] 23780 --- [SpringApplicationShutdownHook] com.zaxxer.hikari.HikariDataSource       : HikariPool-4 - Shutdown initiated...
2022-07-30 12:42:17.146  INFO [bookstore,,] 23780 --- [SpringApplicationShutdownHook] com.zaxxer.hikari.HikariDataSource       : HikariPool-4 - Shutdown completed.
2022-07-30 12:42:17.153  INFO [bookstore,,] 23780 --- [SpringApplicationShutdownHook] com.zaxxer.hikari.HikariDataSource       : HikariPool-5 - Shutdown initiated...
2022-07-30 12:42:17.154  INFO [bookstore,,] 23780 --- [SpringApplicationShutdownHook] com.zaxxer.hikari.HikariDataSource       : HikariPool-5 - Shutdown completed.
2022-07-30 13:48:06.613  INFO [bookstore,,] 14424 --- [main] com.zaxxer.hikari.HikariDataSource       : HikariPool-1 - Starting...
2022-07-30 13:48:06.881  INFO [bookstore,,] 14424 --- [main] com.zaxxer.hikari.HikariDataSource       : HikariPool-1 - Start completed.
2022-07-30 13:48:24.059  INFO [bookstore,,] 14424 --- [main] a.g.d.b.controller.BookController        : BookController:getAllBooks()...
2022-07-30 13:48:24.063  INFO [bookstore,,] 14424 --- [main] a.g.d.b.controller.BookController        : BookController:getAllBooks() returning books
2022-07-30 13:48:24.262  INFO [bookstore,,] 14424 --- [main] a.g.d.b.controller.BookController        : BookController:getBookById()...
2022-07-30 13:48:24.264  WARN [bookstore,,] 14424 --- [main] a.g.d.b.controller.BookController        : BookController:getBookById() Book not found
2022-07-30 13:48:24.419  INFO [bookstore,,] 14424 --- [main] a.g.d.b.controller.BookController        : BookController:createBook()...
2022-07-30 13:48:24.420  INFO [bookstore,,] 14424 --- [main] a.g.d.b.controller.BookController        : BookController:createBook() book saved
2022-07-30 13:48:24.446  INFO [bookstore,,] 14424 --- [main] a.g.d.b.controller.BookController        : BookController:getBookById()...
2022-07-30 13:48:24.447  INFO [bookstore,,] 14424 --- [main] a.g.d.b.controller.BookController        : BookController:getBookById() Book found, returning
2022-07-30 13:48:24.496  INFO [bookstore,,] 14424 --- [main] a.g.d.b.controller.BookController        : BookController:deleteBookById()...
2022-07-30 13:48:24.498  INFO [bookstore,,] 14424 --- [main] a.g.d.b.controller.BookController        : BookController:deleteBookById() Book having id={id} deleted successfully
2022-07-30 13:48:24.528  INFO [bookstore,,] 14424 --- [main] a.g.d.b.controller.BookController        : BookController:deleteBookById()...
2022-07-30 13:48:24.529  WARN [bookstore,,] 14424 --- [main] a.g.d.b.controller.BookController        : BookController:deleteById() Book not found
2022-07-30 13:48:24.551  INFO [bookstore,,] 14424 --- [main] a.g.d.b.controller.BookController        : BookController:getAllBooks()...
2022-07-30 13:48:24.553  INFO [bookstore,,] 14424 --- [main] a.g.d.b.controller.BookController        : BookController:getAllBooks() no Books found
2022-07-30 13:48:24.579  INFO [bookstore,,] 14424 --- [main] a.g.d.b.controller.BookController        : BookController:updateBook()...
2022-07-30 13:48:24.581  INFO [bookstore,,] 14424 --- [main] a.g.d.b.controller.BookController        : BookController:updateBook() Book updated successfully
2022-07-30 13:48:24.599  INFO [bookstore,,] 14424 --- [main] a.g.d.b.controller.BookController        : BookController:updateBook()...
2022-07-30 13:48:24.601  WARN [bookstore,,] 14424 --- [main] a.g.d.b.controller.BookController        : Book not found with id = {id}
2022-07-30 13:48:27.989  INFO [bookstore,,] 14424 --- [main] a.g.d.b.controller.CheckoutController    : CheckoutController:checkout()...
2022-07-30 13:48:31.372  INFO [bookstore,,] 14424 --- [main] com.zaxxer.hikari.HikariDataSource       : HikariPool-2 - Starting...
2022-07-30 13:48:31.374  INFO [bookstore,,] 14424 --- [main] com.zaxxer.hikari.HikariDataSource       : HikariPool-2 - Start completed.
2022-07-30 13:48:35.456  INFO [bookstore,,] 14424 --- [main] a.g.d.b.service.impl.BookServiceImpl     : BookService:getBookByName()...
2022-07-30 13:48:35.465  INFO [bookstore,,] 14424 --- [main] a.g.d.b.service.impl.BookServiceImpl     : BookService:getBookById(0)...
2022-07-30 13:48:35.489  INFO [bookstore,,] 14424 --- [main] a.g.d.b.service.impl.BookServiceImpl     : BookService:deleteBook(0)...
2022-07-30 13:48:35.492  INFO [bookstore,,] 14424 --- [main] a.g.d.b.service.impl.BookServiceImpl     : Book [id=0] deleted successfully!
2022-07-30 13:48:36.916  INFO [bookstore,,] 14424 --- [main] com.zaxxer.hikari.HikariDataSource       : HikariPool-3 - Starting...
2022-07-30 13:48:36.918  INFO [bookstore,,] 14424 --- [main] com.zaxxer.hikari.HikariDataSource       : HikariPool-3 - Start completed.
2022-07-30 13:48:41.247  INFO [bookstore,,] 14424 --- [main] com.zaxxer.hikari.HikariDataSource       : HikariPool-4 - Starting...
2022-07-30 13:48:41.249  INFO [bookstore,,] 14424 --- [main] com.zaxxer.hikari.HikariDataSource       : HikariPool-4 - Start completed.
2022-07-30 13:48:45.791  INFO [bookstore,,] 14424 --- [main] a.g.d.b.s.impl.DiscountServiceImpl       : DiscountServiceImpl.getDiscountBybookClassificationAndPromoId(bookClassificationId=0, promoId=0)...
2022-07-30 13:48:45.802  INFO [bookstore,,] 14424 --- [main] a.g.d.b.s.impl.DiscountServiceImpl       : DiscountServiceImpl.getDiscountBybookClassificationAndPromoCode(bookClassification=0, promoCode=)...
2022-07-30 13:48:48.437  INFO [bookstore,,] 14424 --- [main] com.zaxxer.hikari.HikariDataSource       : HikariPool-5 - Starting...
2022-07-30 13:48:48.438  INFO [bookstore,,] 14424 --- [main] com.zaxxer.hikari.HikariDataSource       : HikariPool-5 - Start completed.
2022-07-30 13:48:53.934  INFO [bookstore,,] 14424 --- [main] a.g.d.b.s.impl.PromotionServiceImpl      : BookService:getPromotionByCode()...
2022-07-30 13:48:53.967  INFO [bookstore,,] 14424 --- [SpringApplicationShutdownHook] com.zaxxer.hikari.HikariDataSource       : HikariPool-1 - Shutdown initiated...
2022-07-30 13:48:53.974  INFO [bookstore,,] 14424 --- [SpringApplicationShutdownHook] com.zaxxer.hikari.HikariDataSource       : HikariPool-1 - Shutdown completed.
2022-07-30 13:48:53.984  INFO [bookstore,,] 14424 --- [SpringApplicationShutdownHook] com.zaxxer.hikari.HikariDataSource       : HikariPool-2 - Shutdown initiated...
2022-07-30 13:48:53.987  INFO [bookstore,,] 14424 --- [SpringApplicationShutdownHook] com.zaxxer.hikari.HikariDataSource       : HikariPool-2 - Shutdown completed.
2022-07-30 13:48:53.994  INFO [bookstore,,] 14424 --- [SpringApplicationShutdownHook] com.zaxxer.hikari.HikariDataSource       : HikariPool-3 - Shutdown initiated...
2022-07-30 13:48:53.995  INFO [bookstore,,] 14424 --- [SpringApplicationShutdownHook] com.zaxxer.hikari.HikariDataSource       : HikariPool-3 - Shutdown completed.
2022-07-30 13:48:54.001  INFO [bookstore,,] 14424 --- [SpringApplicationShutdownHook] com.zaxxer.hikari.HikariDataSource       : HikariPool-4 - Shutdown initiated...
2022-07-30 13:48:54.002  INFO [bookstore,,] 14424 --- [SpringApplicationShutdownHook] com.zaxxer.hikari.HikariDataSource       : HikariPool-4 - Shutdown completed.
2022-07-30 13:48:54.009  INFO [bookstore,,] 14424 --- [SpringApplicationShutdownHook] com.zaxxer.hikari.HikariDataSource       : HikariPool-5 - Shutdown initiated...
2022-07-30 13:48:54.010  INFO [bookstore,,] 14424 --- [SpringApplicationShutdownHook] com.zaxxer.hikari.HikariDataSource       : HikariPool-5 - Shutdown completed.
